@!@!@STARTMSG 2262:0 @!@!@
TLC2 Version 2.20 of Day Month 20?? (rev: bacd9d2)
@!@!@ENDMSG 2262 @!@!@
@!@!@STARTMSG 2187:0 @!@!@
Running breadth-first search Model-Checking with fp 93 and seed -4902263092242345485 with 1 worker on 12 cores with 3600MB heap and 64MB offheap memory [pid: 11288] (Windows 11 10.0 amd64, Oracle Corporation 23.0.2 x86_64, MSBDiskFPSet, DiskStateQueue).
@!@!@ENDMSG 2187 @!@!@
@!@!@STARTMSG 2220:0 @!@!@
Starting SANY...
@!@!@ENDMSG 2220 @!@!@
Parsing file C:\Users\Paulius\Documents\magistras\modeling\2pc\2PC.tla (file:/c:/Users/Paulius/Documents/magistras/modeling/2pc/2PC.tla)
Parsing file C:\Users\Paulius\AppData\Local\Temp\tlc-14482967254413892107\Naturals.tla (jar:file:/C:/Users/Paulius/.vscode/extensions/tlaplus.vscode-ide-2025.3.80550/tools/tla2tools.jar!/tla2sany/StandardModules/Naturals.tla)
Semantic processing of module Naturals
Semantic processing of module 2PC
@!@!@STARTMSG 2219:0 @!@!@
SANY finished.
@!@!@ENDMSG 2219 @!@!@
@!@!@STARTMSG 2185:0 @!@!@
Starting... (2025-03-12 00:33:27)
@!@!@ENDMSG 2185 @!@!@
@!@!@STARTMSG 2212:0 @!@!@
Implied-temporal checking--satisfiability problem has 6 branches.
@!@!@ENDMSG 2212 @!@!@
@!@!@STARTMSG 2189:0 @!@!@
Computing initial states...
@!@!@ENDMSG 2189 @!@!@
@!@!@STARTMSG 2190:0 @!@!@
Finished computing initial states: 1 distinct state generated at 2025-03-12 00:33:27.
@!@!@ENDMSG 2190 @!@!@
@!@!@STARTMSG 2143:3 @!@!@
The variable votingPhaseComplete was changed while it is specified as UNCHANGED at
line 253, col 99 to line 253, col 117 of module 2PC
@!@!@ENDMSG 2143 @!@!@
@!@!@STARTMSG 2143:3 @!@!@
The variable sentCommitDecisions was changed while it is specified as UNCHANGED at
line 194, col 158 to line 194, col 176 of module 2PC
@!@!@ENDMSG 2143 @!@!@
@!@!@STARTMSG 2192:0 @!@!@
Checking 6 branches of temporal properties for the current state space with 87178 total distinct states at (2025-03-12 00:33:30)
@!@!@ENDMSG 2192 @!@!@
@!@!@STARTMSG 2267:0 @!@!@
Finished checking temporal properties in 00s at 2025-03-12 00:33:30
@!@!@ENDMSG 2267 @!@!@
@!@!@STARTMSG 2200:0 @!@!@
Progress(13) at 2025-03-12 00:33:30: 117,359 states generated (117,359 s/min), 16,529 distinct states found (16,529 ds/min), 6,328 states left on queue.
@!@!@ENDMSG 2200 @!@!@
@!@!@STARTMSG 2200:0 @!@!@
Progress(25) at 2025-03-12 00:33:51: 874,801 states generated, 119,760 distinct states found, 0 states left on queue.
@!@!@ENDMSG 2200 @!@!@
@!@!@STARTMSG 2192:0 @!@!@
Checking 6 branches of temporal properties for the complete state space with 718560 total distinct states at (2025-03-12 00:33:51)
@!@!@ENDMSG 2192 @!@!@
@!@!@STARTMSG 2267:0 @!@!@
Finished checking temporal properties in 13s at 2025-03-12 00:34:04
@!@!@ENDMSG 2267 @!@!@
@!@!@STARTMSG 2193:0 @!@!@
Model checking completed. No error has been found.
  Estimates of the probability that TLC did not check all reachable states
  because two distinct states had the same fingerprint:
  calculated (optimistic):  val = 4.9E-9
  based on the actual fingerprints:  val = 7.5E-10
@!@!@ENDMSG 2193 @!@!@
@!@!@STARTMSG 2201:0 @!@!@
The coverage statistics at 2025-03-12 00:34:04
@!@!@ENDMSG 2201 @!@!@
@!@!@STARTMSG 2773:0 @!@!@
<Init line 257, col 1 to line 257, col 4 of module 2PC>: 1:1
@!@!@ENDMSG 2773 @!@!@
@!@!@STARTMSG 2775:0 @!@!@
  line 258, col 8 to line 258, col 30 of module 2PC: 1:561
@!@!@ENDMSG 2775 @!@!@
@!@!@STARTMSG 2775:0 @!@!@
  line 259, col 8 to line 259, col 34 of module 2PC: 1:6286
@!@!@ENDMSG 2775 @!@!@
@!@!@STARTMSG 2775:0 @!@!@
  line 260, col 30 to line 260, col 56 of module 2PC: 1:2
@!@!@ENDMSG 2775 @!@!@
@!@!@STARTMSG 2221:0 @!@!@
  |line 260, col 37 to line 260, col 41 of module 2PC: 1
@!@!@ENDMSG 2221 @!@!@
@!@!@STARTMSG 2775:0 @!@!@
  line 261, col 34 to line 261, col 60 of module 2PC: 1:2
@!@!@ENDMSG 2775 @!@!@
@!@!@STARTMSG 2221:0 @!@!@
  |line 261, col 41 to line 261, col 45 of module 2PC: 1
@!@!@ENDMSG 2221 @!@!@
@!@!@STARTMSG 2775:0 @!@!@
  line 262, col 30 to line 262, col 56 of module 2PC: 1:2
@!@!@ENDMSG 2775 @!@!@
@!@!@STARTMSG 2221:0 @!@!@
  |line 262, col 37 to line 262, col 41 of module 2PC: 1
@!@!@ENDMSG 2221 @!@!@
@!@!@STARTMSG 2775:0 @!@!@
  line 263, col 34 to line 263, col 60 of module 2PC: 1:2
@!@!@ENDMSG 2775 @!@!@
@!@!@STARTMSG 2221:0 @!@!@
  |line 263, col 41 to line 263, col 45 of module 2PC: 1
@!@!@ENDMSG 2221 @!@!@
@!@!@STARTMSG 2221:0 @!@!@
  line 264, col 8 to line 264, col 31 of module 2PC: 1
@!@!@ENDMSG 2221 @!@!@
@!@!@STARTMSG 2775:0 @!@!@
  line 265, col 23 to line 265, col 44 of module 2PC: 1:2
@!@!@ENDMSG 2775 @!@!@
@!@!@STARTMSG 2221:0 @!@!@
  |line 265, col 30 to line 265, col 34 of module 2PC: 1
@!@!@ENDMSG 2221 @!@!@
@!@!@STARTMSG 2775:0 @!@!@
  line 266, col 8 to line 266, col 20 of module 2PC: 1:17097
@!@!@ENDMSG 2775 @!@!@
@!@!@STARTMSG 2775:0 @!@!@
  line 267, col 8 to line 267, col 24 of module 2PC: 1:43714
@!@!@ENDMSG 2775 @!@!@
@!@!@STARTMSG 2221:0 @!@!@
  line 268, col 8 to line 268, col 34 of module 2PC: 1
@!@!@ENDMSG 2221 @!@!@
@!@!@STARTMSG 2221:0 @!@!@
  line 269, col 8 to line 269, col 34 of module 2PC: 1
@!@!@ENDMSG 2221 @!@!@
@!@!@STARTMSG 2221:0 @!@!@
  line 271, col 8 to line 271, col 41 of module 2PC: 1
@!@!@ENDMSG 2221 @!@!@
@!@!@STARTMSG 2775:0 @!@!@
  |line 271, col 23 to line 271, col 41 of module 2PC: 1:2
@!@!@ENDMSG 2775 @!@!@
@!@!@STARTMSG 2221:0 @!@!@
  ||line 271, col 30 to line 271, col 34 of module 2PC: 1
@!@!@ENDMSG 2221 @!@!@
@!@!@STARTMSG 2772:0 @!@!@
<FailCoordinator line 133, col 1 to line 133, col 15 of module 2PC>: 16983:87655
@!@!@ENDMSG 2772 @!@!@
@!@!@STARTMSG 2221:0 @!@!@
  line 134, col 8 to line 134, col 34 of module 2PC: 211162
@!@!@ENDMSG 2221 @!@!@
@!@!@STARTMSG 2221:0 @!@!@
  |line 134, col 8 to line 134, col 26 of module 2PC: 123507
@!@!@ENDMSG 2221 @!@!@
@!@!@STARTMSG 2221:0 @!@!@
  |line 134, col 30 to line 134, col 34 of module 2PC: 123507
@!@!@ENDMSG 2221 @!@!@
@!@!@STARTMSG 2221:0 @!@!@
  line 135, col 8 to line 135, col 33 of module 2PC: 87655
@!@!@ENDMSG 2221 @!@!@
@!@!@STARTMSG 2221:0 @!@!@
  line 136, col 8 to line 136, col 282 of module 2PC: 87655
@!@!@ENDMSG 2221 @!@!@
@!@!@STARTMSG 2772:0 @!@!@
<RecoverCoordinator line 138, col 1 to line 138, col 18 of module 2PC>: 14655:43472
@!@!@ENDMSG 2772 @!@!@
@!@!@STARTMSG 2221:0 @!@!@
  line 139, col 8 to line 139, col 32 of module 2PC: 154642
@!@!@ENDMSG 2221 @!@!@
@!@!@STARTMSG 2221:0 @!@!@
  |line 139, col 8 to line 139, col 24 of module 2PC: 123507
@!@!@ENDMSG 2221 @!@!@
@!@!@STARTMSG 2221:0 @!@!@
  |line 139, col 28 to line 139, col 32 of module 2PC: 123507
@!@!@ENDMSG 2221 @!@!@
@!@!@STARTMSG 2221:0 @!@!@
  line 140, col 8 to line 140, col 32 of module 2PC: 31135
@!@!@ENDMSG 2221 @!@!@
@!@!@STARTMSG 2221:0 @!@!@
  |line 140, col 29 to line 140, col 32 of module 2PC: 46756
@!@!@ENDMSG 2221 @!@!@
@!@!@STARTMSG 2221:0 @!@!@
  line 141, col 14 to line 141, col 40 of module 2PC: 47981
@!@!@ENDMSG 2221 @!@!@
@!@!@STARTMSG 2221:0 @!@!@
  |line 141, col 14 to line 141, col 32 of module 2PC: 46756
@!@!@ENDMSG 2221 @!@!@
@!@!@STARTMSG 2221:0 @!@!@
  |line 141, col 36 to line 141, col 40 of module 2PC: 46756
@!@!@ENDMSG 2221 @!@!@
@!@!@STARTMSG 2221:0 @!@!@
  line 142, col 14 to line 142, col 40 of module 2PC: 1225
@!@!@ENDMSG 2221 @!@!@
@!@!@STARTMSG 2221:0 @!@!@
  line 143, col 14 to line 143, col 267 of module 2PC: 1225
@!@!@ENDMSG 2221 @!@!@
@!@!@STARTMSG 2221:0 @!@!@
  line 144, col 14 to line 144, col 39 of module 2PC: 76666
@!@!@ENDMSG 2221 @!@!@
@!@!@STARTMSG 2221:0 @!@!@
  |line 144, col 14 to line 144, col 32 of module 2PC: 46756
@!@!@ENDMSG 2221 @!@!@
@!@!@STARTMSG 2221:0 @!@!@
  |line 144, col 36 to line 144, col 39 of module 2PC: 46756
@!@!@ENDMSG 2221 @!@!@
@!@!@STARTMSG 2221:0 @!@!@
  line 145, col 14 to line 145, col 40 of module 2PC: 75441
@!@!@ENDMSG 2221 @!@!@
@!@!@STARTMSG 2221:0 @!@!@
  |line 145, col 14 to line 145, col 32 of module 2PC: 45531
@!@!@ENDMSG 2221 @!@!@
@!@!@STARTMSG 2221:0 @!@!@
  |line 145, col 36 to line 145, col 40 of module 2PC: 45531
@!@!@ENDMSG 2221 @!@!@
@!@!@STARTMSG 2221:0 @!@!@
  line 146, col 36 to line 146, col 69 of module 2PC: 97418
@!@!@ENDMSG 2221 @!@!@
@!@!@STARTMSG 2221:0 @!@!@
  |line 146, col 36 to line 146, col 57 of module 2PC: 81458
@!@!@ENDMSG 2221 @!@!@
@!@!@STARTMSG 2221:0 @!@!@
  line 146, col 29 to line 146, col 33 of module 2PC: 40729
@!@!@ENDMSG 2221 @!@!@
@!@!@STARTMSG 2221:0 @!@!@
  line 148, col 49 to line 148, col 85 of module 2PC: 19827
@!@!@ENDMSG 2221 @!@!@
@!@!@STARTMSG 2221:0 @!@!@
  |line 148, col 49 to line 148, col 77 of module 2PC: 18807
@!@!@ENDMSG 2221 @!@!@
@!@!@STARTMSG 2221:0 @!@!@
  line 148, col 42 to line 148, col 46 of module 2PC: 15960
@!@!@ENDMSG 2221 @!@!@
@!@!@STARTMSG 2221:0 @!@!@
  line 149, col 30 to line 149, col 96 of module 2PC: 510
@!@!@ENDMSG 2221 @!@!@
@!@!@STARTMSG 2221:0 @!@!@
  |line 149, col 53 to line 149, col 96 of module 2PC: 510
@!@!@ENDMSG 2221 @!@!@
@!@!@STARTMSG 2221:0 @!@!@
  ||line 149, col 54 to line 149, col 72 of module 2PC: 510
@!@!@ENDMSG 2221 @!@!@
@!@!@STARTMSG 2221:0 @!@!@
  ||line 149, col 83 to line 149, col 83 of module 2PC: 510
@!@!@ENDMSG 2221 @!@!@
@!@!@STARTMSG 2221:0 @!@!@
  |||line 147, col 29 to line 147, col 82 of module 2PC: 510
@!@!@ENDMSG 2221 @!@!@
@!@!@STARTMSG 2221:0 @!@!@
  ||||line 147, col 49 to line 147, col 82 of module 2PC: 717
@!@!@ENDMSG 2221 @!@!@
@!@!@STARTMSG 2221:0 @!@!@
  ||||line 147, col 42 to line 147, col 46 of module 2PC: 510
@!@!@ENDMSG 2221 @!@!@
@!@!@STARTMSG 2221:0 @!@!@
  line 150, col 30 to line 150, col 104 of module 2PC: 510
@!@!@ENDMSG 2221 @!@!@
@!@!@STARTMSG 2221:0 @!@!@
  |line 150, col 57 to line 150, col 104 of module 2PC: 510
@!@!@ENDMSG 2221 @!@!@
@!@!@STARTMSG 2221:0 @!@!@
  ||line 150, col 58 to line 150, col 80 of module 2PC: 510
@!@!@ENDMSG 2221 @!@!@
@!@!@STARTMSG 2221:0 @!@!@
  ||line 150, col 91 to line 150, col 91 of module 2PC: 510
@!@!@ENDMSG 2221 @!@!@
@!@!@STARTMSG 2221:0 @!@!@
  |||line 147, col 29 to line 147, col 82 of module 2PC: 510
@!@!@ENDMSG 2221 @!@!@
@!@!@STARTMSG 2221:0 @!@!@
  ||||line 147, col 49 to line 147, col 82 of module 2PC: 717
@!@!@ENDMSG 2221 @!@!@
@!@!@STARTMSG 2221:0 @!@!@
  ||||line 147, col 42 to line 147, col 46 of module 2PC: 510
@!@!@ENDMSG 2221 @!@!@
@!@!@STARTMSG 2221:0 @!@!@
  line 151, col 49 to line 151, col 85 of module 2PC: 58132
@!@!@ENDMSG 2221 @!@!@
@!@!@STARTMSG 2221:0 @!@!@
  |line 151, col 49 to line 151, col 77 of module 2PC: 31920
@!@!@ENDMSG 2221 @!@!@
@!@!@STARTMSG 2221:0 @!@!@
  line 151, col 42 to line 151, col 46 of module 2PC: 15960
@!@!@ENDMSG 2221 @!@!@
@!@!@STARTMSG 2221:0 @!@!@
  line 152, col 30 to line 152, col 95 of module 2PC: 26212
@!@!@ENDMSG 2221 @!@!@
@!@!@STARTMSG 2221:0 @!@!@
  |line 152, col 53 to line 152, col 95 of module 2PC: 26212
@!@!@ENDMSG 2221 @!@!@
@!@!@STARTMSG 2221:0 @!@!@
  ||line 152, col 54 to line 152, col 72 of module 2PC: 26212
@!@!@ENDMSG 2221 @!@!@
@!@!@STARTMSG 2221:0 @!@!@
  ||line 152, col 83 to line 152, col 83 of module 2PC: 26212
@!@!@ENDMSG 2221 @!@!@
@!@!@STARTMSG 2221:0 @!@!@
  |||line 147, col 29 to line 147, col 82 of module 2PC: 26212
@!@!@ENDMSG 2221 @!@!@
@!@!@STARTMSG 2221:0 @!@!@
  ||||line 147, col 49 to line 147, col 82 of module 2PC: 36791
@!@!@ENDMSG 2221 @!@!@
@!@!@STARTMSG 2221:0 @!@!@
  ||||line 147, col 42 to line 147, col 46 of module 2PC: 26212
@!@!@ENDMSG 2221 @!@!@
@!@!@STARTMSG 2221:0 @!@!@
  line 153, col 30 to line 153, col 103 of module 2PC: 26212
@!@!@ENDMSG 2221 @!@!@
@!@!@STARTMSG 2221:0 @!@!@
  |line 153, col 57 to line 153, col 103 of module 2PC: 26212
@!@!@ENDMSG 2221 @!@!@
@!@!@STARTMSG 2221:0 @!@!@
  ||line 153, col 58 to line 153, col 80 of module 2PC: 26212
@!@!@ENDMSG 2221 @!@!@
@!@!@STARTMSG 2221:0 @!@!@
  ||line 153, col 91 to line 153, col 91 of module 2PC: 26212
@!@!@ENDMSG 2221 @!@!@
@!@!@STARTMSG 2221:0 @!@!@
  |||line 147, col 29 to line 147, col 82 of module 2PC: 26212
@!@!@ENDMSG 2221 @!@!@
@!@!@STARTMSG 2221:0 @!@!@
  ||||line 147, col 49 to line 147, col 82 of module 2PC: 36791
@!@!@ENDMSG 2221 @!@!@
@!@!@STARTMSG 2221:0 @!@!@
  ||||line 147, col 42 to line 147, col 46 of module 2PC: 26212
@!@!@ENDMSG 2221 @!@!@
@!@!@STARTMSG 2221:0 @!@!@
  line 154, col 27 to line 154, col 55 of module 2PC: 26722
@!@!@ENDMSG 2221 @!@!@
@!@!@STARTMSG 2221:0 @!@!@
  |line 154, col 39 to line 154, col 55 of module 2PC: 26722
@!@!@ENDMSG 2221 @!@!@
@!@!@STARTMSG 2221:0 @!@!@
  ||line 154, col 39 to line 154, col 46 of module 2PC: 26722
@!@!@ENDMSG 2221 @!@!@
@!@!@STARTMSG 2775:0 @!@!@
  ||line 154, col 53 to line 154, col 55 of module 2PC: 26722:36708
@!@!@ENDMSG 2775 @!@!@
@!@!@STARTMSG 2221:0 @!@!@
  |||line 154, col 54 to line 154, col 54 of module 2PC: 26722
@!@!@ENDMSG 2221 @!@!@
@!@!@STARTMSG 2221:0 @!@!@
  ||||line 147, col 29 to line 147, col 82 of module 2PC: 26722
@!@!@ENDMSG 2221 @!@!@
@!@!@STARTMSG 2221:0 @!@!@
  |||||line 147, col 49 to line 147, col 82 of module 2PC: 37508
@!@!@ENDMSG 2221 @!@!@
@!@!@STARTMSG 2221:0 @!@!@
  |||||line 147, col 42 to line 147, col 46 of module 2PC: 26722
@!@!@ENDMSG 2221 @!@!@
@!@!@STARTMSG 2221:0 @!@!@
  line 155, col 27 to line 155, col 63 of module 2PC: 26722
@!@!@ENDMSG 2221 @!@!@
@!@!@STARTMSG 2221:0 @!@!@
  |line 155, col 43 to line 155, col 63 of module 2PC: 26722
@!@!@ENDMSG 2221 @!@!@
@!@!@STARTMSG 2221:0 @!@!@
  ||line 155, col 43 to line 155, col 54 of module 2PC: 26722
@!@!@ENDMSG 2221 @!@!@
@!@!@STARTMSG 2775:0 @!@!@
  ||line 155, col 61 to line 155, col 63 of module 2PC: 26722:44916
@!@!@ENDMSG 2775 @!@!@
@!@!@STARTMSG 2221:0 @!@!@
  |||line 155, col 62 to line 155, col 62 of module 2PC: 26722
@!@!@ENDMSG 2221 @!@!@
@!@!@STARTMSG 2221:0 @!@!@
  ||||line 147, col 29 to line 147, col 82 of module 2PC: 26722
@!@!@ENDMSG 2221 @!@!@
@!@!@STARTMSG 2221:0 @!@!@
  |||||line 147, col 49 to line 147, col 82 of module 2PC: 37508
@!@!@ENDMSG 2221 @!@!@
@!@!@STARTMSG 2221:0 @!@!@
  |||||line 147, col 42 to line 147, col 46 of module 2PC: 26722
@!@!@ENDMSG 2221 @!@!@
@!@!@STARTMSG 2221:0 @!@!@
  line 156, col 20 to line 156, col 224 of module 2PC: 26722
@!@!@ENDMSG 2221 @!@!@
@!@!@STARTMSG 2221:0 @!@!@
  line 157, col 36 to line 157, col 73 of module 2PC: 96954
@!@!@ENDMSG 2221 @!@!@
@!@!@STARTMSG 2221:0 @!@!@
  |line 157, col 36 to line 157, col 61 of module 2PC: 65904
@!@!@ENDMSG 2221 @!@!@
@!@!@STARTMSG 2221:0 @!@!@
  line 157, col 29 to line 157, col 33 of module 2PC: 40729
@!@!@ENDMSG 2221 @!@!@
@!@!@STARTMSG 2221:0 @!@!@
  line 158, col 20 to line 158, col 46 of module 2PC: 15525
@!@!@ENDMSG 2221 @!@!@
@!@!@STARTMSG 2221:0 @!@!@
  line 159, col 20 to line 159, col 273 of module 2PC: 15525
@!@!@ENDMSG 2221 @!@!@
@!@!@STARTMSG 2772:0 @!@!@
<FailSite line 161, col 1 to line 161, col 11 of module 2PC>: 28424:104210
@!@!@ENDMSG 2772 @!@!@
@!@!@STARTMSG 2221:0 @!@!@
  line 162, col 8 to line 162, col 34 of module 2PC: 351224
@!@!@ENDMSG 2221 @!@!@
@!@!@STARTMSG 2221:0 @!@!@
  |line 162, col 8 to line 162, col 26 of module 2PC: 247014
@!@!@ENDMSG 2221 @!@!@
@!@!@STARTMSG 2221:0 @!@!@
  |line 162, col 30 to line 162, col 34 of module 2PC: 247014
@!@!@ENDMSG 2221 @!@!@
@!@!@STARTMSG 2221:0 @!@!@
  line 163, col 8 to line 163, col 29 of module 2PC: 279520
@!@!@ENDMSG 2221 @!@!@
@!@!@STARTMSG 2221:0 @!@!@
  |line 163, col 8 to line 163, col 22 of module 2PC: 175310
@!@!@ENDMSG 2221 @!@!@
@!@!@STARTMSG 2221:0 @!@!@
  |line 163, col 26 to line 163, col 29 of module 2PC: 175310
@!@!@ENDMSG 2221 @!@!@
@!@!@STARTMSG 2221:0 @!@!@
  line 164, col 8 to line 164, col 57 of module 2PC: 104210
@!@!@ENDMSG 2221 @!@!@
@!@!@STARTMSG 2221:0 @!@!@
  line 165, col 8 to line 165, col 61 of module 2PC: 104210
@!@!@ENDMSG 2221 @!@!@
@!@!@STARTMSG 2221:0 @!@!@
  line 166, col 8 to line 166, col 249 of module 2PC: 104210
@!@!@ENDMSG 2221 @!@!@
@!@!@STARTMSG 2772:0 @!@!@
<RecoverSite line 168, col 1 to line 168, col 14 of module 2PC>: 6628:15092
@!@!@ENDMSG 2772 @!@!@
@!@!@STARTMSG 2221:0 @!@!@
  line 169, col 8 to line 169, col 30 of module 2PC: 262106
@!@!@ENDMSG 2221 @!@!@
@!@!@STARTMSG 2221:0 @!@!@
  |line 169, col 8 to line 169, col 22 of module 2PC: 247014
@!@!@ENDMSG 2221 @!@!@
@!@!@STARTMSG 2221:0 @!@!@
  |line 169, col 26 to line 169, col 30 of module 2PC: 247014
@!@!@ENDMSG 2221 @!@!@
@!@!@STARTMSG 2221:0 @!@!@
  line 170, col 8 to line 170, col 56 of module 2PC: 15092
@!@!@ENDMSG 2221 @!@!@
@!@!@STARTMSG 2221:0 @!@!@
  |line 170, col 24 to line 170, col 56 of module 2PC: 99628
@!@!@ENDMSG 2221 @!@!@
@!@!@STARTMSG 2221:0 @!@!@
  line 171, col 14 to line 171, col 40 of module 2PC: 101728
@!@!@ENDMSG 2221 @!@!@
@!@!@STARTMSG 2221:0 @!@!@
  |line 171, col 14 to line 171, col 32 of module 2PC: 99628
@!@!@ENDMSG 2221 @!@!@
@!@!@STARTMSG 2221:0 @!@!@
  |line 171, col 36 to line 171, col 40 of module 2PC: 99628
@!@!@ENDMSG 2221 @!@!@
@!@!@STARTMSG 2221:0 @!@!@
  line 172, col 14 to line 172, col 37 of module 2PC: 4620
@!@!@ENDMSG 2221 @!@!@
@!@!@STARTMSG 2221:0 @!@!@
  |line 172, col 14 to line 172, col 14 of module 2PC: 2520
@!@!@ENDMSG 2221 @!@!@
@!@!@STARTMSG 2221:0 @!@!@
  |line 172, col 20 to line 172, col 37 of module 2PC: 2520
@!@!@ENDMSG 2221 @!@!@
@!@!@STARTMSG 2221:0 @!@!@
  line 173, col 20 to line 173, col 51 of module 2PC: 700
@!@!@ENDMSG 2221 @!@!@
@!@!@STARTMSG 2221:0 @!@!@
  |line 173, col 20 to line 173, col 34 of module 2PC: 2100
@!@!@ENDMSG 2221 @!@!@
@!@!@STARTMSG 2221:0 @!@!@
  |line 173, col 41 to line 173, col 51 of module 2PC: 2100
@!@!@ENDMSG 2221 @!@!@
@!@!@STARTMSG 2221:0 @!@!@
  line 174, col 20 to line 174, col 46 of module 2PC: 700
@!@!@ENDMSG 2221 @!@!@
@!@!@STARTMSG 2221:0 @!@!@
  line 175, col 20 to line 175, col 263 of module 2PC: 700
@!@!@ENDMSG 2221 @!@!@
@!@!@STARTMSG 2221:0 @!@!@
  line 176, col 20 to line 176, col 48 of module 2PC: 1400
@!@!@ENDMSG 2221 @!@!@
@!@!@STARTMSG 2221:0 @!@!@
  |line 176, col 20 to line 176, col 34 of module 2PC: 2100
@!@!@ENDMSG 2221 @!@!@
@!@!@STARTMSG 2221:0 @!@!@
  |line 176, col 38 to line 176, col 48 of module 2PC: 2100
@!@!@ENDMSG 2221 @!@!@
@!@!@STARTMSG 2221:0 @!@!@
  line 177, col 20 to line 177, col 76 of module 2PC: 1400
@!@!@ENDMSG 2221 @!@!@
@!@!@STARTMSG 2221:0 @!@!@
  |line 177, col 46 to line 177, col 76 of module 2PC: 1400
@!@!@ENDMSG 2221 @!@!@
@!@!@STARTMSG 2221:0 @!@!@
  ||line 177, col 46 to line 177, col 67 of module 2PC: 1400
@!@!@ENDMSG 2221 @!@!@
@!@!@STARTMSG 2775:0 @!@!@
  ||line 177, col 74 to line 177, col 76 of module 2PC: 1400:1200
@!@!@ENDMSG 2775 @!@!@
@!@!@STARTMSG 2221:0 @!@!@
  |||line 177, col 75 to line 177, col 75 of module 2PC: 1400
@!@!@ENDMSG 2221 @!@!@
@!@!@STARTMSG 2221:0 @!@!@
  line 178, col 20 to line 178, col 83 of module 2PC: 1400
@!@!@ENDMSG 2221 @!@!@
@!@!@STARTMSG 2221:0 @!@!@
  line 179, col 20 to line 179, col 246 of module 2PC: 1400
@!@!@ENDMSG 2221 @!@!@
@!@!@STARTMSG 2221:0 @!@!@
  line 180, col 14 to line 180, col 39 of module 2PC: 112620
@!@!@ENDMSG 2221 @!@!@
@!@!@STARTMSG 2221:0 @!@!@
  |line 180, col 14 to line 180, col 32 of module 2PC: 99628
@!@!@ENDMSG 2221 @!@!@
@!@!@STARTMSG 2221:0 @!@!@
  |line 180, col 36 to line 180, col 39 of module 2PC: 99628
@!@!@ENDMSG 2221 @!@!@
@!@!@STARTMSG 2221:0 @!@!@
  line 181, col 14 to line 181, col 40 of module 2PC: 110100
@!@!@ENDMSG 2221 @!@!@
@!@!@STARTMSG 2221:0 @!@!@
  |line 181, col 14 to line 181, col 32 of module 2PC: 97108
@!@!@ENDMSG 2221 @!@!@
@!@!@STARTMSG 2221:0 @!@!@
  |line 181, col 36 to line 181, col 40 of module 2PC: 97108
@!@!@ENDMSG 2221 @!@!@
@!@!@STARTMSG 2221:0 @!@!@
  line 182, col 14 to line 182, col 51 of module 2PC: 81572
@!@!@ENDMSG 2221 @!@!@
@!@!@STARTMSG 2221:0 @!@!@
  |line 182, col 14 to line 182, col 39 of module 2PC: 68580
@!@!@ENDMSG 2221 @!@!@
@!@!@STARTMSG 2221:0 @!@!@
  line 183, col 20 to line 183, col 53 of module 2PC: 27758
@!@!@ENDMSG 2221 @!@!@
@!@!@STARTMSG 2221:0 @!@!@
  line 184, col 42 to line 184, col 75 of module 2PC: 29532
@!@!@ENDMSG 2221 @!@!@
@!@!@STARTMSG 2221:0 @!@!@
  line 184, col 35 to line 184, col 39 of module 2PC: 14766
@!@!@ENDMSG 2221 @!@!@
@!@!@STARTMSG 2221:0 @!@!@
  line 185, col 26 to line 185, col 91 of module 2PC: 0
@!@!@ENDMSG 2221 @!@!@
@!@!@STARTMSG 2221:0 @!@!@
  |line 185, col 49 to line 185, col 91 of module 2PC: 24405
@!@!@ENDMSG 2221 @!@!@
@!@!@STARTMSG 2221:0 @!@!@
  line 186, col 26 to line 186, col 99 of module 2PC: 0
@!@!@ENDMSG 2221 @!@!@
@!@!@STARTMSG 2221:0 @!@!@
  |line 186, col 53 to line 186, col 99 of module 2PC: 24405
@!@!@ENDMSG 2221 @!@!@
@!@!@STARTMSG 2221:0 @!@!@
  line 187, col 42 to line 187, col 75 of module 2PC: 17330
@!@!@ENDMSG 2221 @!@!@
@!@!@STARTMSG 2221:0 @!@!@
  line 187, col 35 to line 187, col 39 of module 2PC: 14766
@!@!@ENDMSG 2221 @!@!@
@!@!@STARTMSG 2221:0 @!@!@
  line 188, col 26 to line 188, col 92 of module 2PC: 0
@!@!@ENDMSG 2221 @!@!@
@!@!@STARTMSG 2221:0 @!@!@
  |line 188, col 49 to line 188, col 92 of module 2PC: 444
@!@!@ENDMSG 2221 @!@!@
@!@!@STARTMSG 2221:0 @!@!@
  line 189, col 26 to line 189, col 100 of module 2PC: 0
@!@!@ENDMSG 2221 @!@!@
@!@!@STARTMSG 2221:0 @!@!@
  |line 189, col 53 to line 189, col 100 of module 2PC: 444
@!@!@ENDMSG 2221 @!@!@
@!@!@STARTMSG 2221:0 @!@!@
  line 190, col 20 to line 190, col 53 of module 2PC: 40750
@!@!@ENDMSG 2221 @!@!@
@!@!@STARTMSG 2221:0 @!@!@
  |line 190, col 20 to line 190, col 41 of module 2PC: 27758
@!@!@ENDMSG 2221 @!@!@
@!@!@STARTMSG 2221:0 @!@!@
  line 191, col 20 to line 191, col 108 of module 2PC: 12992
@!@!@ENDMSG 2221 @!@!@
@!@!@STARTMSG 2221:0 @!@!@
  line 192, col 14 to line 192, col 42 of module 2PC: 12992
@!@!@ENDMSG 2221 @!@!@
@!@!@STARTMSG 2221:0 @!@!@
  |line 192, col 26 to line 192, col 42 of module 2PC: 37841
@!@!@ENDMSG 2221 @!@!@
@!@!@STARTMSG 2221:0 @!@!@
  ||line 192, col 26 to line 192, col 33 of module 2PC: 37841
@!@!@ENDMSG 2221 @!@!@
@!@!@STARTMSG 2775:0 @!@!@
  ||line 192, col 40 to line 192, col 42 of module 2PC: 37841:40700
@!@!@ENDMSG 2775 @!@!@
@!@!@STARTMSG 2221:0 @!@!@
  |||line 192, col 41 to line 192, col 41 of module 2PC: 37841
@!@!@ENDMSG 2221 @!@!@
@!@!@STARTMSG 2221:0 @!@!@
  line 193, col 14 to line 193, col 50 of module 2PC: 12992
@!@!@ENDMSG 2221 @!@!@
@!@!@STARTMSG 2221:0 @!@!@
  |line 193, col 30 to line 193, col 50 of module 2PC: 37841
@!@!@ENDMSG 2221 @!@!@
@!@!@STARTMSG 2221:0 @!@!@
  ||line 193, col 30 to line 193, col 41 of module 2PC: 37841
@!@!@ENDMSG 2221 @!@!@
@!@!@STARTMSG 2775:0 @!@!@
  ||line 193, col 48 to line 193, col 50 of module 2PC: 37841:38930
@!@!@ENDMSG 2775 @!@!@
@!@!@STARTMSG 2221:0 @!@!@
  |||line 193, col 49 to line 193, col 49 of module 2PC: 37841
@!@!@ENDMSG 2221 @!@!@
@!@!@STARTMSG 2221:0 @!@!@
  line 194, col 14 to line 194, col 230 of module 2PC: 12992
@!@!@ENDMSG 2221 @!@!@
@!@!@STARTMSG 2772:0 @!@!@
<CommitOrAbort line 207, col 1 to line 207, col 13 of module 2PC>: 27604:604186
@!@!@ENDMSG 2772 @!@!@
@!@!@STARTMSG 2221:0 @!@!@
  line 208, col 8 to line 208, col 33 of module 2PC: 231304
@!@!@ENDMSG 2221 @!@!@
@!@!@STARTMSG 2221:0 @!@!@
  |line 208, col 8 to line 208, col 26 of module 2PC: 123507
@!@!@ENDMSG 2221 @!@!@
@!@!@STARTMSG 2221:0 @!@!@
  |line 208, col 30 to line 208, col 33 of module 2PC: 123507
@!@!@ENDMSG 2221 @!@!@
@!@!@STARTMSG 2221:0 @!@!@
  line 209, col 30 to line 209, col 63 of module 2PC: 418490
@!@!@ENDMSG 2221 @!@!@
@!@!@STARTMSG 2221:0 @!@!@
  |line 209, col 30 to line 209, col 55 of module 2PC: 242098
@!@!@ENDMSG 2221 @!@!@
@!@!@STARTMSG 2221:0 @!@!@
  line 209, col 23 to line 209, col 27 of module 2PC: 121049
@!@!@ENDMSG 2221 @!@!@
@!@!@STARTMSG 2221:0 @!@!@
  line 105, col 8 to line 105, col 31 of module 2PC: 412609
@!@!@ENDMSG 2221 @!@!@
@!@!@STARTMSG 2221:0 @!@!@
  |line 105, col 8 to line 105, col 24 of module 2PC: 396024
@!@!@ENDMSG 2221 @!@!@
@!@!@STARTMSG 2221:0 @!@!@
  |line 105, col 28 to line 105, col 31 of module 2PC: 396024
@!@!@ENDMSG 2221 @!@!@
@!@!@STARTMSG 2221:0 @!@!@
  line 106, col 8 to line 106, col 29 of module 2PC: 263709
@!@!@ENDMSG 2221 @!@!@
@!@!@STARTMSG 2221:0 @!@!@
  |line 106, col 8 to line 106, col 22 of module 2PC: 247124
@!@!@ENDMSG 2221 @!@!@
@!@!@STARTMSG 2221:0 @!@!@
  |line 106, col 26 to line 106, col 29 of module 2PC: 247124
@!@!@ENDMSG 2221 @!@!@
@!@!@STARTMSG 2221:0 @!@!@
  line 107, col 8 to line 107, col 41 of module 2PC: 166015
@!@!@ENDMSG 2221 @!@!@
@!@!@STARTMSG 2221:0 @!@!@
  |line 107, col 8 to line 107, col 29 of module 2PC: 149430
@!@!@ENDMSG 2221 @!@!@
@!@!@STARTMSG 2221:0 @!@!@
  line 108, col 8 to line 108, col 67 of module 2PC: 16585
@!@!@ENDMSG 2221 @!@!@
@!@!@STARTMSG 2221:0 @!@!@
  line 109, col 8 to line 109, col 266 of module 2PC: 16585
@!@!@ENDMSG 2221 @!@!@
@!@!@STARTMSG 2221:0 @!@!@
  line 198, col 31 to line 198, col 31 of module 2PC: 247124
@!@!@ENDMSG 2221 @!@!@
@!@!@STARTMSG 2221:0 @!@!@
  line 198, col 34 to line 198, col 34 of module 2PC: 16585
@!@!@ENDMSG 2221 @!@!@
@!@!@STARTMSG 2221:0 @!@!@
  line 112, col 8 to line 112, col 29 of module 2PC: 429612
@!@!@ENDMSG 2221 @!@!@
@!@!@STARTMSG 2221:0 @!@!@
  |line 112, col 8 to line 112, col 22 of module 2PC: 396024
@!@!@ENDMSG 2221 @!@!@
@!@!@STARTMSG 2221:0 @!@!@
  |line 112, col 26 to line 112, col 29 of module 2PC: 396024
@!@!@ENDMSG 2221 @!@!@
@!@!@STARTMSG 2221:0 @!@!@
  line 113, col 8 to line 113, col 41 of module 2PC: 270408
@!@!@ENDMSG 2221 @!@!@
@!@!@STARTMSG 2221:0 @!@!@
  |line 113, col 8 to line 113, col 29 of module 2PC: 236820
@!@!@ENDMSG 2221 @!@!@
@!@!@STARTMSG 2221:0 @!@!@
  line 114, col 8 to line 114, col 45 of module 2PC: 239611
@!@!@ENDMSG 2221 @!@!@
@!@!@STARTMSG 2221:0 @!@!@
  |line 114, col 8 to line 114, col 33 of module 2PC: 206023
@!@!@ENDMSG 2221 @!@!@
@!@!@STARTMSG 2221:0 @!@!@
  line 115, col 8 to line 115, col 96 of module 2PC: 33588
@!@!@ENDMSG 2221 @!@!@
@!@!@STARTMSG 2221:0 @!@!@
  line 116, col 8 to line 116, col 262 of module 2PC: 33588
@!@!@ENDMSG 2221 @!@!@
@!@!@STARTMSG 2221:0 @!@!@
  line 199, col 34 to line 199, col 34 of module 2PC: 396024
@!@!@ENDMSG 2221 @!@!@
@!@!@STARTMSG 2221:0 @!@!@
  line 119, col 8 to line 119, col 31 of module 2PC: 427972
@!@!@ENDMSG 2221 @!@!@
@!@!@STARTMSG 2221:0 @!@!@
  |line 119, col 8 to line 119, col 24 of module 2PC: 396024
@!@!@ENDMSG 2221 @!@!@
@!@!@STARTMSG 2221:0 @!@!@
  |line 119, col 28 to line 119, col 31 of module 2PC: 396024
@!@!@ENDMSG 2221 @!@!@
@!@!@STARTMSG 2221:0 @!@!@
  line 120, col 8 to line 120, col 29 of module 2PC: 279072
@!@!@ENDMSG 2221 @!@!@
@!@!@STARTMSG 2221:0 @!@!@
  |line 120, col 8 to line 120, col 22 of module 2PC: 247124
@!@!@ENDMSG 2221 @!@!@
@!@!@STARTMSG 2221:0 @!@!@
  |line 120, col 26 to line 120, col 29 of module 2PC: 247124
@!@!@ENDMSG 2221 @!@!@
@!@!@STARTMSG 2221:0 @!@!@
  line 121, col 8 to line 121, col 45 of module 2PC: 181378
@!@!@ENDMSG 2221 @!@!@
@!@!@STARTMSG 2221:0 @!@!@
  |line 121, col 8 to line 121, col 33 of module 2PC: 149430
@!@!@ENDMSG 2221 @!@!@
@!@!@STARTMSG 2221:0 @!@!@
  line 122, col 8 to line 122, col 24 of module 2PC: 145497
@!@!@ENDMSG 2221 @!@!@
@!@!@STARTMSG 2221:0 @!@!@
  |line 122, col 8 to line 122, col 8 of module 2PC: 113549
@!@!@ENDMSG 2221 @!@!@
@!@!@STARTMSG 2221:0 @!@!@
  |line 122, col 17 to line 122, col 24 of module 2PC: 113549
@!@!@ENDMSG 2221 @!@!@
@!@!@STARTMSG 2221:0 @!@!@
  line 123, col 8 to line 123, col 36 of module 2PC: 31948
@!@!@ENDMSG 2221 @!@!@
@!@!@STARTMSG 2221:0 @!@!@
  |line 123, col 20 to line 123, col 36 of module 2PC: 31948
@!@!@ENDMSG 2221 @!@!@
@!@!@STARTMSG 2221:0 @!@!@
  ||line 123, col 20 to line 123, col 27 of module 2PC: 31948
@!@!@ENDMSG 2221 @!@!@
@!@!@STARTMSG 2775:0 @!@!@
  ||line 123, col 34 to line 123, col 36 of module 2PC: 31948:52540
@!@!@ENDMSG 2775 @!@!@
@!@!@STARTMSG 2221:0 @!@!@
  |||line 123, col 35 to line 123, col 35 of module 2PC: 31948
@!@!@ENDMSG 2221 @!@!@
@!@!@STARTMSG 2221:0 @!@!@
  line 124, col 8 to line 124, col 277 of module 2PC: 31948
@!@!@ENDMSG 2221 @!@!@
@!@!@STARTMSG 2221:0 @!@!@
  line 200, col 20 to line 200, col 20 of module 2PC: 247124
@!@!@ENDMSG 2221 @!@!@
@!@!@STARTMSG 2221:0 @!@!@
  line 127, col 8 to line 127, col 31 of module 2PC: 451590
@!@!@ENDMSG 2221 @!@!@
@!@!@STARTMSG 2221:0 @!@!@
  |line 127, col 8 to line 127, col 24 of module 2PC: 396024
@!@!@ENDMSG 2221 @!@!@
@!@!@STARTMSG 2221:0 @!@!@
  |line 127, col 28 to line 127, col 31 of module 2PC: 396024
@!@!@ENDMSG 2221 @!@!@
@!@!@STARTMSG 2221:0 @!@!@
  line 128, col 8 to line 128, col 21 of module 2PC: 302690
@!@!@ENDMSG 2221 @!@!@
@!@!@STARTMSG 2221:0 @!@!@
  |line 128, col 8 to line 128, col 8 of module 2PC: 247124
@!@!@ENDMSG 2221 @!@!@
@!@!@STARTMSG 2221:0 @!@!@
  |line 128, col 14 to line 128, col 21 of module 2PC: 247124
@!@!@ENDMSG 2221 @!@!@
@!@!@STARTMSG 2221:0 @!@!@
  line 129, col 8 to line 129, col 28 of module 2PC: 188248
@!@!@ENDMSG 2221 @!@!@
@!@!@STARTMSG 2221:0 @!@!@
  |line 129, col 8 to line 129, col 8 of module 2PC: 132682
@!@!@ENDMSG 2221 @!@!@
@!@!@STARTMSG 2221:0 @!@!@
  |line 129, col 17 to line 129, col 28 of module 2PC: 132682
@!@!@ENDMSG 2221 @!@!@
@!@!@STARTMSG 2221:0 @!@!@
  line 130, col 8 to line 130, col 44 of module 2PC: 55566
@!@!@ENDMSG 2221 @!@!@
@!@!@STARTMSG 2221:0 @!@!@
  |line 130, col 24 to line 130, col 44 of module 2PC: 55566
@!@!@ENDMSG 2221 @!@!@
@!@!@STARTMSG 2221:0 @!@!@
  ||line 130, col 24 to line 130, col 35 of module 2PC: 55566
@!@!@ENDMSG 2221 @!@!@
@!@!@STARTMSG 2775:0 @!@!@
  ||line 130, col 42 to line 130, col 44 of module 2PC: 55566:39184
@!@!@ENDMSG 2775 @!@!@
@!@!@STARTMSG 2221:0 @!@!@
  |||line 130, col 43 to line 130, col 43 of module 2PC: 55566
@!@!@ENDMSG 2221 @!@!@
@!@!@STARTMSG 2221:0 @!@!@
  line 131, col 8 to line 131, col 259 of module 2PC: 55566
@!@!@ENDMSG 2221 @!@!@
@!@!@STARTMSG 2221:0 @!@!@
  line 201, col 23 to line 201, col 23 of module 2PC: 247124
@!@!@ENDMSG 2221 @!@!@
@!@!@STARTMSG 2221:0 @!@!@
  line 162, col 8 to line 162, col 34 of module 2PC: 456048
@!@!@ENDMSG 2221 @!@!@
@!@!@STARTMSG 2221:0 @!@!@
  |line 162, col 8 to line 162, col 26 of module 2PC: 396024
@!@!@ENDMSG 2221 @!@!@
@!@!@STARTMSG 2221:0 @!@!@
  |line 162, col 30 to line 162, col 34 of module 2PC: 396024
@!@!@ENDMSG 2221 @!@!@
@!@!@STARTMSG 2221:0 @!@!@
  line 163, col 8 to line 163, col 29 of module 2PC: 339008
@!@!@ENDMSG 2221 @!@!@
@!@!@STARTMSG 2221:0 @!@!@
  |line 163, col 8 to line 163, col 22 of module 2PC: 278984
@!@!@ENDMSG 2221 @!@!@
@!@!@STARTMSG 2221:0 @!@!@
  |line 163, col 26 to line 163, col 29 of module 2PC: 278984
@!@!@ENDMSG 2221 @!@!@
@!@!@STARTMSG 2221:0 @!@!@
  line 164, col 8 to line 164, col 57 of module 2PC: 60024
@!@!@ENDMSG 2221 @!@!@
@!@!@STARTMSG 2221:0 @!@!@
  |line 164, col 24 to line 164, col 57 of module 2PC: 166500
@!@!@ENDMSG 2221 @!@!@
@!@!@STARTMSG 2221:0 @!@!@
  line 165, col 8 to line 165, col 61 of module 2PC: 60024
@!@!@ENDMSG 2221 @!@!@
@!@!@STARTMSG 2221:0 @!@!@
  |line 165, col 34 to line 165, col 61 of module 2PC: 166500
@!@!@ENDMSG 2221 @!@!@
@!@!@STARTMSG 2221:0 @!@!@
  line 166, col 8 to line 166, col 249 of module 2PC: 60024
@!@!@ENDMSG 2221 @!@!@
@!@!@STARTMSG 2221:0 @!@!@
  line 202, col 21 to line 202, col 21 of module 2PC: 278984
@!@!@ENDMSG 2221 @!@!@
@!@!@STARTMSG 2221:0 @!@!@
  line 169, col 8 to line 169, col 30 of module 2PC: 417204
@!@!@ENDMSG 2221 @!@!@
@!@!@STARTMSG 2221:0 @!@!@
  |line 169, col 8 to line 169, col 22 of module 2PC: 396024
@!@!@ENDMSG 2221 @!@!@
@!@!@STARTMSG 2221:0 @!@!@
  |line 169, col 26 to line 169, col 30 of module 2PC: 396024
@!@!@ENDMSG 2221 @!@!@
@!@!@STARTMSG 2221:0 @!@!@
  line 170, col 8 to line 170, col 56 of module 2PC: 21180
@!@!@ENDMSG 2221 @!@!@
@!@!@STARTMSG 2221:0 @!@!@
  |line 170, col 24 to line 170, col 56 of module 2PC: 159204
@!@!@ENDMSG 2221 @!@!@
@!@!@STARTMSG 2221:0 @!@!@
  line 171, col 14 to line 171, col 40 of module 2PC: 159204
@!@!@ENDMSG 2221 @!@!@
@!@!@STARTMSG 2221:0 @!@!@
  line 174, col 20 to line 174, col 46 of module 2PC: 0
@!@!@ENDMSG 2221 @!@!@
@!@!@STARTMSG 2221:0 @!@!@
  line 175, col 20 to line 175, col 263 of module 2PC: 0
@!@!@ENDMSG 2221 @!@!@
@!@!@STARTMSG 2221:0 @!@!@
  line 177, col 20 to line 177, col 76 of module 2PC: 0
@!@!@ENDMSG 2221 @!@!@
@!@!@STARTMSG 2221:0 @!@!@
  line 178, col 20 to line 178, col 83 of module 2PC: 0
@!@!@ENDMSG 2221 @!@!@
@!@!@STARTMSG 2221:0 @!@!@
  line 179, col 20 to line 179, col 246 of module 2PC: 0
@!@!@ENDMSG 2221 @!@!@
@!@!@STARTMSG 2221:0 @!@!@
  line 180, col 14 to line 180, col 39 of module 2PC: 180384
@!@!@ENDMSG 2221 @!@!@
@!@!@STARTMSG 2221:0 @!@!@
  |line 180, col 14 to line 180, col 32 of module 2PC: 159204
@!@!@ENDMSG 2221 @!@!@
@!@!@STARTMSG 2221:0 @!@!@
  |line 180, col 36 to line 180, col 39 of module 2PC: 159204
@!@!@ENDMSG 2221 @!@!@
@!@!@STARTMSG 2221:0 @!@!@
  line 181, col 14 to line 181, col 40 of module 2PC: 180384
@!@!@ENDMSG 2221 @!@!@
@!@!@STARTMSG 2221:0 @!@!@
  |line 181, col 14 to line 181, col 32 of module 2PC: 159204
@!@!@ENDMSG 2221 @!@!@
@!@!@STARTMSG 2221:0 @!@!@
  |line 181, col 36 to line 181, col 40 of module 2PC: 159204
@!@!@ENDMSG 2221 @!@!@
@!@!@STARTMSG 2221:0 @!@!@
  line 182, col 14 to line 182, col 51 of module 2PC: 133664
@!@!@ENDMSG 2221 @!@!@
@!@!@STARTMSG 2221:0 @!@!@
  |line 182, col 14 to line 182, col 39 of module 2PC: 112484
@!@!@ENDMSG 2221 @!@!@
@!@!@STARTMSG 2221:0 @!@!@
  line 183, col 20 to line 183, col 53 of module 2PC: 45585
@!@!@ENDMSG 2221 @!@!@
@!@!@STARTMSG 2221:0 @!@!@
  line 184, col 42 to line 184, col 75 of module 2PC: 48810
@!@!@ENDMSG 2221 @!@!@
@!@!@STARTMSG 2221:0 @!@!@
  line 184, col 35 to line 184, col 39 of module 2PC: 24405
@!@!@ENDMSG 2221 @!@!@
@!@!@STARTMSG 2221:0 @!@!@
  line 185, col 26 to line 185, col 91 of module 2PC: 0
@!@!@ENDMSG 2221 @!@!@
@!@!@STARTMSG 2221:0 @!@!@
  |line 185, col 49 to line 185, col 91 of module 2PC: 44571
@!@!@ENDMSG 2221 @!@!@
@!@!@STARTMSG 2221:0 @!@!@
  line 186, col 26 to line 186, col 99 of module 2PC: 0
@!@!@ENDMSG 2221 @!@!@
@!@!@STARTMSG 2221:0 @!@!@
  |line 186, col 53 to line 186, col 99 of module 2PC: 44571
@!@!@ENDMSG 2221 @!@!@
@!@!@STARTMSG 2221:0 @!@!@
  line 187, col 42 to line 187, col 75 of module 2PC: 26525
@!@!@ENDMSG 2221 @!@!@
@!@!@STARTMSG 2221:0 @!@!@
  line 187, col 35 to line 187, col 39 of module 2PC: 24405
@!@!@ENDMSG 2221 @!@!@
@!@!@STARTMSG 2221:0 @!@!@
  line 188, col 26 to line 188, col 92 of module 2PC: 0
@!@!@ENDMSG 2221 @!@!@
@!@!@STARTMSG 2221:0 @!@!@
  line 189, col 26 to line 189, col 100 of module 2PC: 0
@!@!@ENDMSG 2221 @!@!@
@!@!@STARTMSG 2221:0 @!@!@
  line 190, col 20 to line 190, col 53 of module 2PC: 66765
@!@!@ENDMSG 2221 @!@!@
@!@!@STARTMSG 2221:0 @!@!@
  |line 190, col 20 to line 190, col 41 of module 2PC: 45585
@!@!@ENDMSG 2221 @!@!@
@!@!@STARTMSG 2221:0 @!@!@
  line 191, col 20 to line 191, col 108 of module 2PC: 21180
@!@!@ENDMSG 2221 @!@!@
@!@!@STARTMSG 2221:0 @!@!@
  line 192, col 14 to line 192, col 42 of module 2PC: 21180
@!@!@ENDMSG 2221 @!@!@
@!@!@STARTMSG 2221:0 @!@!@
  |line 192, col 26 to line 192, col 42 of module 2PC: 65751
@!@!@ENDMSG 2221 @!@!@
@!@!@STARTMSG 2221:0 @!@!@
  ||line 192, col 26 to line 192, col 33 of module 2PC: 65751
@!@!@ENDMSG 2221 @!@!@
@!@!@STARTMSG 2775:0 @!@!@
  ||line 192, col 40 to line 192, col 42 of module 2PC: 65751:55898
@!@!@ENDMSG 2775 @!@!@
@!@!@STARTMSG 2221:0 @!@!@
  |||line 192, col 41 to line 192, col 41 of module 2PC: 65751
@!@!@ENDMSG 2221 @!@!@
@!@!@STARTMSG 2221:0 @!@!@
  line 193, col 14 to line 193, col 50 of module 2PC: 21180
@!@!@ENDMSG 2221 @!@!@
@!@!@STARTMSG 2221:0 @!@!@
  |line 193, col 30 to line 193, col 50 of module 2PC: 65751
@!@!@ENDMSG 2221 @!@!@
@!@!@STARTMSG 2221:0 @!@!@
  ||line 193, col 30 to line 193, col 41 of module 2PC: 65751
@!@!@ENDMSG 2221 @!@!@
@!@!@STARTMSG 2775:0 @!@!@
  ||line 193, col 48 to line 193, col 50 of module 2PC: 65751:31514
@!@!@ENDMSG 2775 @!@!@
@!@!@STARTMSG 2221:0 @!@!@
  |||line 193, col 49 to line 193, col 49 of module 2PC: 65751
@!@!@ENDMSG 2221 @!@!@
@!@!@STARTMSG 2221:0 @!@!@
  line 194, col 14 to line 194, col 230 of module 2PC: 21180
@!@!@ENDMSG 2221 @!@!@
@!@!@STARTMSG 2221:0 @!@!@
  line 203, col 24 to line 203, col 24 of module 2PC: 396024
@!@!@ENDMSG 2221 @!@!@
@!@!@STARTMSG 2221:0 @!@!@
  line 134, col 8 to line 134, col 34 of module 2PC: 675008
@!@!@ENDMSG 2221 @!@!@
@!@!@STARTMSG 2221:0 @!@!@
  |line 134, col 8 to line 134, col 26 of module 2PC: 396024
@!@!@ENDMSG 2221 @!@!@
@!@!@STARTMSG 2221:0 @!@!@
  |line 134, col 30 to line 134, col 34 of module 2PC: 396024
@!@!@ENDMSG 2221 @!@!@
@!@!@STARTMSG 2221:0 @!@!@
  line 135, col 8 to line 135, col 33 of module 2PC: 278984
@!@!@ENDMSG 2221 @!@!@
@!@!@STARTMSG 2221:0 @!@!@
  line 136, col 8 to line 136, col 282 of module 2PC: 278984
@!@!@ENDMSG 2221 @!@!@
@!@!@STARTMSG 2221:0 @!@!@
  line 139, col 8 to line 139, col 32 of module 2PC: 443248
@!@!@ENDMSG 2221 @!@!@
@!@!@STARTMSG 2221:0 @!@!@
  |line 139, col 8 to line 139, col 24 of module 2PC: 396024
@!@!@ENDMSG 2221 @!@!@
@!@!@STARTMSG 2221:0 @!@!@
  |line 139, col 28 to line 139, col 32 of module 2PC: 396024
@!@!@ENDMSG 2221 @!@!@
@!@!@STARTMSG 2221:0 @!@!@
  line 140, col 8 to line 140, col 32 of module 2PC: 47224
@!@!@ENDMSG 2221 @!@!@
@!@!@STARTMSG 2221:0 @!@!@
  |line 140, col 29 to line 140, col 32 of module 2PC: 148900
@!@!@ENDMSG 2221 @!@!@
@!@!@STARTMSG 2221:0 @!@!@
  line 141, col 14 to line 141, col 40 of module 2PC: 148900
@!@!@ENDMSG 2221 @!@!@
@!@!@STARTMSG 2221:0 @!@!@
  line 142, col 14 to line 142, col 40 of module 2PC: 0
@!@!@ENDMSG 2221 @!@!@
@!@!@STARTMSG 2221:0 @!@!@
  line 143, col 14 to line 143, col 267 of module 2PC: 0
@!@!@ENDMSG 2221 @!@!@
@!@!@STARTMSG 2221:0 @!@!@
  line 144, col 14 to line 144, col 39 of module 2PC: 196124
@!@!@ENDMSG 2221 @!@!@
@!@!@STARTMSG 2221:0 @!@!@
  |line 144, col 14 to line 144, col 32 of module 2PC: 148900
@!@!@ENDMSG 2221 @!@!@
@!@!@STARTMSG 2221:0 @!@!@
  |line 144, col 36 to line 144, col 39 of module 2PC: 148900
@!@!@ENDMSG 2221 @!@!@
@!@!@STARTMSG 2221:0 @!@!@
  line 145, col 14 to line 145, col 40 of module 2PC: 196124
@!@!@ENDMSG 2221 @!@!@
@!@!@STARTMSG 2221:0 @!@!@
  |line 145, col 14 to line 145, col 32 of module 2PC: 148900
@!@!@ENDMSG 2221 @!@!@
@!@!@STARTMSG 2221:0 @!@!@
  |line 145, col 36 to line 145, col 40 of module 2PC: 148900
@!@!@ENDMSG 2221 @!@!@
@!@!@STARTMSG 2221:0 @!@!@
  line 146, col 36 to line 146, col 69 of module 2PC: 318864
@!@!@ENDMSG 2221 @!@!@
@!@!@STARTMSG 2221:0 @!@!@
  |line 146, col 36 to line 146, col 57 of module 2PC: 266440
@!@!@ENDMSG 2221 @!@!@
@!@!@STARTMSG 2221:0 @!@!@
  line 146, col 29 to line 146, col 33 of module 2PC: 133220
@!@!@ENDMSG 2221 @!@!@
@!@!@STARTMSG 2221:0 @!@!@
  line 148, col 49 to line 148, col 85 of module 2PC: 57098
@!@!@ENDMSG 2221 @!@!@
@!@!@STARTMSG 2221:0 @!@!@
  line 148, col 42 to line 148, col 46 of module 2PC: 52424
@!@!@ENDMSG 2221 @!@!@
@!@!@STARTMSG 2221:0 @!@!@
  line 149, col 30 to line 149, col 96 of module 2PC: 0
@!@!@ENDMSG 2221 @!@!@
@!@!@STARTMSG 2221:0 @!@!@
  line 150, col 30 to line 150, col 104 of module 2PC: 0
@!@!@ENDMSG 2221 @!@!@
@!@!@STARTMSG 2221:0 @!@!@
  line 151, col 49 to line 151, col 85 of module 2PC: 200320
@!@!@ENDMSG 2221 @!@!@
@!@!@STARTMSG 2221:0 @!@!@
  |line 151, col 49 to line 151, col 77 of module 2PC: 104848
@!@!@ENDMSG 2221 @!@!@
@!@!@STARTMSG 2221:0 @!@!@
  line 151, col 42 to line 151, col 46 of module 2PC: 52424
@!@!@ENDMSG 2221 @!@!@
@!@!@STARTMSG 2221:0 @!@!@
  line 152, col 30 to line 152, col 95 of module 2PC: 95472
@!@!@ENDMSG 2221 @!@!@
@!@!@STARTMSG 2221:0 @!@!@
  |line 152, col 53 to line 152, col 95 of module 2PC: 95472
@!@!@ENDMSG 2221 @!@!@
@!@!@STARTMSG 2221:0 @!@!@
  ||line 152, col 54 to line 152, col 72 of module 2PC: 95472
@!@!@ENDMSG 2221 @!@!@
@!@!@STARTMSG 2221:0 @!@!@
  ||line 152, col 83 to line 152, col 83 of module 2PC: 95472
@!@!@ENDMSG 2221 @!@!@
@!@!@STARTMSG 2221:0 @!@!@
  |||line 147, col 29 to line 147, col 82 of module 2PC: 95472
@!@!@ENDMSG 2221 @!@!@
@!@!@STARTMSG 2221:0 @!@!@
  ||||line 147, col 49 to line 147, col 82 of module 2PC: 133994
@!@!@ENDMSG 2221 @!@!@
@!@!@STARTMSG 2221:0 @!@!@
  ||||line 147, col 42 to line 147, col 46 of module 2PC: 95472
@!@!@ENDMSG 2221 @!@!@
@!@!@STARTMSG 2221:0 @!@!@
  line 153, col 30 to line 153, col 103 of module 2PC: 95472
@!@!@ENDMSG 2221 @!@!@
@!@!@STARTMSG 2221:0 @!@!@
  |line 153, col 57 to line 153, col 103 of module 2PC: 95472
@!@!@ENDMSG 2221 @!@!@
@!@!@STARTMSG 2221:0 @!@!@
  ||line 153, col 58 to line 153, col 80 of module 2PC: 95472
@!@!@ENDMSG 2221 @!@!@
@!@!@STARTMSG 2221:0 @!@!@
  ||line 153, col 91 to line 153, col 91 of module 2PC: 95472
@!@!@ENDMSG 2221 @!@!@
@!@!@STARTMSG 2221:0 @!@!@
  |||line 147, col 29 to line 147, col 82 of module 2PC: 95472
@!@!@ENDMSG 2221 @!@!@
@!@!@STARTMSG 2221:0 @!@!@
  ||||line 147, col 49 to line 147, col 82 of module 2PC: 133994
@!@!@ENDMSG 2221 @!@!@
@!@!@STARTMSG 2221:0 @!@!@
  ||||line 147, col 42 to line 147, col 46 of module 2PC: 95472
@!@!@ENDMSG 2221 @!@!@
@!@!@STARTMSG 2221:0 @!@!@
  line 154, col 27 to line 154, col 55 of module 2PC: 95472
@!@!@ENDMSG 2221 @!@!@
@!@!@STARTMSG 2221:0 @!@!@
  |line 154, col 39 to line 154, col 55 of module 2PC: 95472
@!@!@ENDMSG 2221 @!@!@
@!@!@STARTMSG 2221:0 @!@!@
  ||line 154, col 39 to line 154, col 46 of module 2PC: 95472
@!@!@ENDMSG 2221 @!@!@
@!@!@STARTMSG 2775:0 @!@!@
  ||line 154, col 53 to line 154, col 55 of module 2PC: 95472:81488
@!@!@ENDMSG 2775 @!@!@
@!@!@STARTMSG 2221:0 @!@!@
  |||line 154, col 54 to line 154, col 54 of module 2PC: 95472
@!@!@ENDMSG 2221 @!@!@
@!@!@STARTMSG 2221:0 @!@!@
  ||||line 147, col 29 to line 147, col 82 of module 2PC: 95472
@!@!@ENDMSG 2221 @!@!@
@!@!@STARTMSG 2221:0 @!@!@
  |||||line 147, col 49 to line 147, col 82 of module 2PC: 133994
@!@!@ENDMSG 2221 @!@!@
@!@!@STARTMSG 2221:0 @!@!@
  |||||line 147, col 42 to line 147, col 46 of module 2PC: 95472
@!@!@ENDMSG 2221 @!@!@
@!@!@STARTMSG 2221:0 @!@!@
  line 155, col 27 to line 155, col 63 of module 2PC: 95472
@!@!@ENDMSG 2221 @!@!@
@!@!@STARTMSG 2221:0 @!@!@
  |line 155, col 43 to line 155, col 63 of module 2PC: 95472
@!@!@ENDMSG 2221 @!@!@
@!@!@STARTMSG 2221:0 @!@!@
  ||line 155, col 43 to line 155, col 54 of module 2PC: 95472
@!@!@ENDMSG 2221 @!@!@
@!@!@STARTMSG 2775:0 @!@!@
  ||line 155, col 61 to line 155, col 63 of module 2PC: 95472:45744
@!@!@ENDMSG 2775 @!@!@
@!@!@STARTMSG 2221:0 @!@!@
  |||line 155, col 62 to line 155, col 62 of module 2PC: 95472
@!@!@ENDMSG 2221 @!@!@
@!@!@STARTMSG 2221:0 @!@!@
  ||||line 147, col 29 to line 147, col 82 of module 2PC: 95472
@!@!@ENDMSG 2221 @!@!@
@!@!@STARTMSG 2221:0 @!@!@
  |||||line 147, col 49 to line 147, col 82 of module 2PC: 133994
@!@!@ENDMSG 2221 @!@!@
@!@!@STARTMSG 2221:0 @!@!@
  |||||line 147, col 42 to line 147, col 46 of module 2PC: 95472
@!@!@ENDMSG 2221 @!@!@
@!@!@STARTMSG 2221:0 @!@!@
  line 156, col 20 to line 156, col 224 of module 2PC: 95472
@!@!@ENDMSG 2221 @!@!@
@!@!@STARTMSG 2221:0 @!@!@
  line 157, col 36 to line 157, col 73 of module 2PC: 215492
@!@!@ENDMSG 2221 @!@!@
@!@!@STARTMSG 2221:0 @!@!@
  line 157, col 29 to line 157, col 33 of module 2PC: 133220
@!@!@ENDMSG 2221 @!@!@
@!@!@STARTMSG 2221:0 @!@!@
  line 158, col 20 to line 158, col 46 of module 2PC: 0
@!@!@ENDMSG 2221 @!@!@
@!@!@STARTMSG 2221:0 @!@!@
  |line 158, col 43 to line 158, col 46 of module 2PC: 50680
@!@!@ENDMSG 2221 @!@!@
@!@!@STARTMSG 2221:0 @!@!@
  line 159, col 20 to line 159, col 273 of module 2PC: 0
@!@!@ENDMSG 2221 @!@!@
@!@!@STARTMSG 2221:0 @!@!@
  line 197, col 14 to line 197, col 18 of module 2PC: 198012
@!@!@ENDMSG 2221 @!@!@
@!@!@STARTMSG 2221:0 @!@!@
  line 211, col 30 to line 211, col 63 of module 2PC: 150194
@!@!@ENDMSG 2221 @!@!@
@!@!@STARTMSG 2221:0 @!@!@
  |line 211, col 30 to line 211, col 55 of module 2PC: 143078
@!@!@ENDMSG 2221 @!@!@
@!@!@STARTMSG 2221:0 @!@!@
  line 211, col 23 to line 211, col 27 of module 2PC: 121049
@!@!@ENDMSG 2221 @!@!@
@!@!@STARTMSG 2221:0 @!@!@
  line 105, col 8 to line 105, col 31 of module 2PC: 8346
@!@!@ENDMSG 2221 @!@!@
@!@!@STARTMSG 2221:0 @!@!@
  |line 105, col 8 to line 105, col 24 of module 2PC: 8016
@!@!@ENDMSG 2221 @!@!@
@!@!@STARTMSG 2221:0 @!@!@
  |line 105, col 28 to line 105, col 31 of module 2PC: 8016
@!@!@ENDMSG 2221 @!@!@
@!@!@STARTMSG 2221:0 @!@!@
  line 106, col 8 to line 106, col 29 of module 2PC: 5316
@!@!@ENDMSG 2221 @!@!@
@!@!@STARTMSG 2221:0 @!@!@
  |line 106, col 8 to line 106, col 22 of module 2PC: 4986
@!@!@ENDMSG 2221 @!@!@
@!@!@STARTMSG 2221:0 @!@!@
  |line 106, col 26 to line 106, col 29 of module 2PC: 4986
@!@!@ENDMSG 2221 @!@!@
@!@!@STARTMSG 2221:0 @!@!@
  line 107, col 8 to line 107, col 41 of module 2PC: 3378
@!@!@ENDMSG 2221 @!@!@
@!@!@STARTMSG 2221:0 @!@!@
  |line 107, col 8 to line 107, col 29 of module 2PC: 3048
@!@!@ENDMSG 2221 @!@!@
@!@!@STARTMSG 2221:0 @!@!@
  line 108, col 8 to line 108, col 67 of module 2PC: 330
@!@!@ENDMSG 2221 @!@!@
@!@!@STARTMSG 2221:0 @!@!@
  line 109, col 8 to line 109, col 266 of module 2PC: 330
@!@!@ENDMSG 2221 @!@!@
@!@!@STARTMSG 2221:0 @!@!@
  line 198, col 31 to line 198, col 31 of module 2PC: 4986
@!@!@ENDMSG 2221 @!@!@
@!@!@STARTMSG 2221:0 @!@!@
  line 198, col 34 to line 198, col 34 of module 2PC: 330
@!@!@ENDMSG 2221 @!@!@
@!@!@STARTMSG 2221:0 @!@!@
  line 112, col 8 to line 112, col 29 of module 2PC: 8676
@!@!@ENDMSG 2221 @!@!@
@!@!@STARTMSG 2221:0 @!@!@
  |line 112, col 8 to line 112, col 22 of module 2PC: 8016
@!@!@ENDMSG 2221 @!@!@
@!@!@STARTMSG 2221:0 @!@!@
  |line 112, col 26 to line 112, col 29 of module 2PC: 8016
@!@!@ENDMSG 2221 @!@!@
@!@!@STARTMSG 2221:0 @!@!@
  line 113, col 8 to line 113, col 41 of module 2PC: 5520
@!@!@ENDMSG 2221 @!@!@
@!@!@STARTMSG 2221:0 @!@!@
  |line 113, col 8 to line 113, col 29 of module 2PC: 4860
@!@!@ENDMSG 2221 @!@!@
@!@!@STARTMSG 2221:0 @!@!@
  line 114, col 8 to line 114, col 45 of module 2PC: 4902
@!@!@ENDMSG 2221 @!@!@
@!@!@STARTMSG 2221:0 @!@!@
  |line 114, col 8 to line 114, col 33 of module 2PC: 4242
@!@!@ENDMSG 2221 @!@!@
@!@!@STARTMSG 2221:0 @!@!@
  line 115, col 8 to line 115, col 96 of module 2PC: 660
@!@!@ENDMSG 2221 @!@!@
@!@!@STARTMSG 2221:0 @!@!@
  line 116, col 8 to line 116, col 262 of module 2PC: 660
@!@!@ENDMSG 2221 @!@!@
@!@!@STARTMSG 2221:0 @!@!@
  line 199, col 34 to line 199, col 34 of module 2PC: 8016
@!@!@ENDMSG 2221 @!@!@
@!@!@STARTMSG 2221:0 @!@!@
  line 119, col 8 to line 119, col 31 of module 2PC: 8664
@!@!@ENDMSG 2221 @!@!@
@!@!@STARTMSG 2221:0 @!@!@
  |line 119, col 8 to line 119, col 24 of module 2PC: 8016
@!@!@ENDMSG 2221 @!@!@
@!@!@STARTMSG 2221:0 @!@!@
  |line 119, col 28 to line 119, col 31 of module 2PC: 8016
@!@!@ENDMSG 2221 @!@!@
@!@!@STARTMSG 2221:0 @!@!@
  line 120, col 8 to line 120, col 29 of module 2PC: 5634
@!@!@ENDMSG 2221 @!@!@
@!@!@STARTMSG 2221:0 @!@!@
  |line 120, col 8 to line 120, col 22 of module 2PC: 4986
@!@!@ENDMSG 2221 @!@!@
@!@!@STARTMSG 2221:0 @!@!@
  |line 120, col 26 to line 120, col 29 of module 2PC: 4986
@!@!@ENDMSG 2221 @!@!@
@!@!@STARTMSG 2221:0 @!@!@
  line 121, col 8 to line 121, col 45 of module 2PC: 3696
@!@!@ENDMSG 2221 @!@!@
@!@!@STARTMSG 2221:0 @!@!@
  |line 121, col 8 to line 121, col 33 of module 2PC: 3048
@!@!@ENDMSG 2221 @!@!@
@!@!@STARTMSG 2221:0 @!@!@
  line 122, col 8 to line 122, col 24 of module 2PC: 2994
@!@!@ENDMSG 2221 @!@!@
@!@!@STARTMSG 2221:0 @!@!@
  |line 122, col 8 to line 122, col 8 of module 2PC: 2346
@!@!@ENDMSG 2221 @!@!@
@!@!@STARTMSG 2221:0 @!@!@
  |line 122, col 17 to line 122, col 24 of module 2PC: 2346
@!@!@ENDMSG 2221 @!@!@
@!@!@STARTMSG 2221:0 @!@!@
  line 123, col 8 to line 123, col 36 of module 2PC: 648
@!@!@ENDMSG 2221 @!@!@
@!@!@STARTMSG 2221:0 @!@!@
  |line 123, col 20 to line 123, col 36 of module 2PC: 648
@!@!@ENDMSG 2221 @!@!@
@!@!@STARTMSG 2221:0 @!@!@
  ||line 123, col 20 to line 123, col 27 of module 2PC: 648
@!@!@ENDMSG 2221 @!@!@
@!@!@STARTMSG 2775:0 @!@!@
  ||line 123, col 34 to line 123, col 36 of module 2PC: 648:1086
@!@!@ENDMSG 2775 @!@!@
@!@!@STARTMSG 2221:0 @!@!@
  |||line 123, col 35 to line 123, col 35 of module 2PC: 648
@!@!@ENDMSG 2221 @!@!@
@!@!@STARTMSG 2221:0 @!@!@
  line 124, col 8 to line 124, col 277 of module 2PC: 648
@!@!@ENDMSG 2221 @!@!@
@!@!@STARTMSG 2221:0 @!@!@
  line 200, col 20 to line 200, col 20 of module 2PC: 4986
@!@!@ENDMSG 2221 @!@!@
@!@!@STARTMSG 2221:0 @!@!@
  line 127, col 8 to line 127, col 31 of module 2PC: 9162
@!@!@ENDMSG 2221 @!@!@
@!@!@STARTMSG 2221:0 @!@!@
  |line 127, col 8 to line 127, col 24 of module 2PC: 8016
@!@!@ENDMSG 2221 @!@!@
@!@!@STARTMSG 2221:0 @!@!@
  |line 127, col 28 to line 127, col 31 of module 2PC: 8016
@!@!@ENDMSG 2221 @!@!@
@!@!@STARTMSG 2221:0 @!@!@
  line 128, col 8 to line 128, col 21 of module 2PC: 6132
@!@!@ENDMSG 2221 @!@!@
@!@!@STARTMSG 2221:0 @!@!@
  |line 128, col 8 to line 128, col 8 of module 2PC: 4986
@!@!@ENDMSG 2221 @!@!@
@!@!@STARTMSG 2221:0 @!@!@
  |line 128, col 14 to line 128, col 21 of module 2PC: 4986
@!@!@ENDMSG 2221 @!@!@
@!@!@STARTMSG 2221:0 @!@!@
  line 129, col 8 to line 129, col 28 of module 2PC: 3840
@!@!@ENDMSG 2221 @!@!@
@!@!@STARTMSG 2221:0 @!@!@
  |line 129, col 8 to line 129, col 8 of module 2PC: 2694
@!@!@ENDMSG 2221 @!@!@
@!@!@STARTMSG 2221:0 @!@!@
  |line 129, col 17 to line 129, col 28 of module 2PC: 2694
@!@!@ENDMSG 2221 @!@!@
@!@!@STARTMSG 2221:0 @!@!@
  line 130, col 8 to line 130, col 44 of module 2PC: 1146
@!@!@ENDMSG 2221 @!@!@
@!@!@STARTMSG 2221:0 @!@!@
  |line 130, col 24 to line 130, col 44 of module 2PC: 1146
@!@!@ENDMSG 2221 @!@!@
@!@!@STARTMSG 2221:0 @!@!@
  ||line 130, col 24 to line 130, col 35 of module 2PC: 1146
@!@!@ENDMSG 2221 @!@!@
@!@!@STARTMSG 2775:0 @!@!@
  ||line 130, col 42 to line 130, col 44 of module 2PC: 1146:840
@!@!@ENDMSG 2775 @!@!@
@!@!@STARTMSG 2221:0 @!@!@
  |||line 130, col 43 to line 130, col 43 of module 2PC: 1146
@!@!@ENDMSG 2221 @!@!@
@!@!@STARTMSG 2221:0 @!@!@
  line 131, col 8 to line 131, col 259 of module 2PC: 1146
@!@!@ENDMSG 2221 @!@!@
@!@!@STARTMSG 2221:0 @!@!@
  line 201, col 23 to line 201, col 23 of module 2PC: 4986
@!@!@ENDMSG 2221 @!@!@
@!@!@STARTMSG 2221:0 @!@!@
  line 162, col 8 to line 162, col 34 of module 2PC: 9015
@!@!@ENDMSG 2221 @!@!@
@!@!@STARTMSG 2221:0 @!@!@
  |line 162, col 8 to line 162, col 26 of module 2PC: 8016
@!@!@ENDMSG 2221 @!@!@
@!@!@STARTMSG 2221:0 @!@!@
  |line 162, col 30 to line 162, col 34 of module 2PC: 8016
@!@!@ENDMSG 2221 @!@!@
@!@!@STARTMSG 2221:0 @!@!@
  line 163, col 8 to line 163, col 29 of module 2PC: 6591
@!@!@ENDMSG 2221 @!@!@
@!@!@STARTMSG 2221:0 @!@!@
  |line 163, col 8 to line 163, col 22 of module 2PC: 5592
@!@!@ENDMSG 2221 @!@!@
@!@!@STARTMSG 2221:0 @!@!@
  |line 163, col 26 to line 163, col 29 of module 2PC: 5592
@!@!@ENDMSG 2221 @!@!@
@!@!@STARTMSG 2221:0 @!@!@
  line 164, col 8 to line 164, col 57 of module 2PC: 999
@!@!@ENDMSG 2221 @!@!@
@!@!@STARTMSG 2221:0 @!@!@
  |line 164, col 24 to line 164, col 57 of module 2PC: 3372
@!@!@ENDMSG 2221 @!@!@
@!@!@STARTMSG 2221:0 @!@!@
  line 165, col 8 to line 165, col 61 of module 2PC: 999
@!@!@ENDMSG 2221 @!@!@
@!@!@STARTMSG 2221:0 @!@!@
  |line 165, col 34 to line 165, col 61 of module 2PC: 3372
@!@!@ENDMSG 2221 @!@!@
@!@!@STARTMSG 2221:0 @!@!@
  line 166, col 8 to line 166, col 249 of module 2PC: 999
@!@!@ENDMSG 2221 @!@!@
@!@!@STARTMSG 2221:0 @!@!@
  line 202, col 21 to line 202, col 21 of module 2PC: 5592
@!@!@ENDMSG 2221 @!@!@
@!@!@STARTMSG 2221:0 @!@!@
  line 169, col 8 to line 169, col 30 of module 2PC: 8460
@!@!@ENDMSG 2221 @!@!@
@!@!@STARTMSG 2221:0 @!@!@
  |line 169, col 8 to line 169, col 22 of module 2PC: 8016
@!@!@ENDMSG 2221 @!@!@
@!@!@STARTMSG 2221:0 @!@!@
  |line 169, col 26 to line 169, col 30 of module 2PC: 8016
@!@!@ENDMSG 2221 @!@!@
@!@!@STARTMSG 2221:0 @!@!@
  line 170, col 8 to line 170, col 56 of module 2PC: 444
@!@!@ENDMSG 2221 @!@!@
@!@!@STARTMSG 2221:0 @!@!@
  |line 170, col 24 to line 170, col 56 of module 2PC: 3156
@!@!@ENDMSG 2221 @!@!@
@!@!@STARTMSG 2221:0 @!@!@
  line 171, col 14 to line 171, col 40 of module 2PC: 3156
@!@!@ENDMSG 2221 @!@!@
@!@!@STARTMSG 2221:0 @!@!@
  line 174, col 20 to line 174, col 46 of module 2PC: 0
@!@!@ENDMSG 2221 @!@!@
@!@!@STARTMSG 2221:0 @!@!@
  line 175, col 20 to line 175, col 263 of module 2PC: 0
@!@!@ENDMSG 2221 @!@!@
@!@!@STARTMSG 2221:0 @!@!@
  line 177, col 20 to line 177, col 76 of module 2PC: 0
@!@!@ENDMSG 2221 @!@!@
@!@!@STARTMSG 2221:0 @!@!@
  line 178, col 20 to line 178, col 83 of module 2PC: 0
@!@!@ENDMSG 2221 @!@!@
@!@!@STARTMSG 2221:0 @!@!@
  line 179, col 20 to line 179, col 246 of module 2PC: 0
@!@!@ENDMSG 2221 @!@!@
@!@!@STARTMSG 2221:0 @!@!@
  line 180, col 14 to line 180, col 39 of module 2PC: 3600
@!@!@ENDMSG 2221 @!@!@
@!@!@STARTMSG 2221:0 @!@!@
  |line 180, col 14 to line 180, col 32 of module 2PC: 3156
@!@!@ENDMSG 2221 @!@!@
@!@!@STARTMSG 2221:0 @!@!@
  |line 180, col 36 to line 180, col 39 of module 2PC: 3156
@!@!@ENDMSG 2221 @!@!@
@!@!@STARTMSG 2221:0 @!@!@
  line 181, col 14 to line 181, col 40 of module 2PC: 3600
@!@!@ENDMSG 2221 @!@!@
@!@!@STARTMSG 2221:0 @!@!@
  |line 181, col 14 to line 181, col 32 of module 2PC: 3156
@!@!@ENDMSG 2221 @!@!@
@!@!@STARTMSG 2221:0 @!@!@
  |line 181, col 36 to line 181, col 40 of module 2PC: 3156
@!@!@ENDMSG 2221 @!@!@
@!@!@STARTMSG 2221:0 @!@!@
  line 182, col 14 to line 182, col 51 of module 2PC: 2664
@!@!@ENDMSG 2221 @!@!@
@!@!@STARTMSG 2221:0 @!@!@
  |line 182, col 14 to line 182, col 39 of module 2PC: 2220
@!@!@ENDMSG 2221 @!@!@
@!@!@STARTMSG 2221:0 @!@!@
  line 183, col 20 to line 183, col 53 of module 2PC: 888
@!@!@ENDMSG 2221 @!@!@
@!@!@STARTMSG 2221:0 @!@!@
  line 184, col 42 to line 184, col 75 of module 2PC: 888
@!@!@ENDMSG 2221 @!@!@
@!@!@STARTMSG 2221:0 @!@!@
  line 184, col 35 to line 184, col 39 of module 2PC: 444
@!@!@ENDMSG 2221 @!@!@
@!@!@STARTMSG 2221:0 @!@!@
  line 185, col 26 to line 185, col 91 of module 2PC: 0
@!@!@ENDMSG 2221 @!@!@
@!@!@STARTMSG 2221:0 @!@!@
  line 186, col 26 to line 186, col 99 of module 2PC: 0
@!@!@ENDMSG 2221 @!@!@
@!@!@STARTMSG 2221:0 @!@!@
  line 187, col 42 to line 187, col 75 of module 2PC: 888
@!@!@ENDMSG 2221 @!@!@
@!@!@STARTMSG 2221:0 @!@!@
  line 187, col 35 to line 187, col 39 of module 2PC: 444
@!@!@ENDMSG 2221 @!@!@
@!@!@STARTMSG 2221:0 @!@!@
  line 188, col 26 to line 188, col 92 of module 2PC: 0
@!@!@ENDMSG 2221 @!@!@
@!@!@STARTMSG 2221:0 @!@!@
  |line 188, col 49 to line 188, col 92 of module 2PC: 444
@!@!@ENDMSG 2221 @!@!@
@!@!@STARTMSG 2221:0 @!@!@
  line 189, col 26 to line 189, col 100 of module 2PC: 0
@!@!@ENDMSG 2221 @!@!@
@!@!@STARTMSG 2221:0 @!@!@
  |line 189, col 53 to line 189, col 100 of module 2PC: 444
@!@!@ENDMSG 2221 @!@!@
@!@!@STARTMSG 2221:0 @!@!@
  line 190, col 20 to line 190, col 53 of module 2PC: 1332
@!@!@ENDMSG 2221 @!@!@
@!@!@STARTMSG 2221:0 @!@!@
  |line 190, col 20 to line 190, col 41 of module 2PC: 888
@!@!@ENDMSG 2221 @!@!@
@!@!@STARTMSG 2221:0 @!@!@
  line 191, col 20 to line 191, col 108 of module 2PC: 444
@!@!@ENDMSG 2221 @!@!@
@!@!@STARTMSG 2221:0 @!@!@
  line 192, col 14 to line 192, col 42 of module 2PC: 444
@!@!@ENDMSG 2221 @!@!@
@!@!@STARTMSG 2221:0 @!@!@
  |line 192, col 26 to line 192, col 42 of module 2PC: 888
@!@!@ENDMSG 2221 @!@!@
@!@!@STARTMSG 2221:0 @!@!@
  ||line 192, col 26 to line 192, col 33 of module 2PC: 888
@!@!@ENDMSG 2221 @!@!@
@!@!@STARTMSG 2775:0 @!@!@
  ||line 192, col 40 to line 192, col 42 of module 2PC: 888:768
@!@!@ENDMSG 2775 @!@!@
@!@!@STARTMSG 2221:0 @!@!@
  |||line 192, col 41 to line 192, col 41 of module 2PC: 888
@!@!@ENDMSG 2221 @!@!@
@!@!@STARTMSG 2221:0 @!@!@
  line 193, col 14 to line 193, col 50 of module 2PC: 444
@!@!@ENDMSG 2221 @!@!@
@!@!@STARTMSG 2221:0 @!@!@
  |line 193, col 30 to line 193, col 50 of module 2PC: 888
@!@!@ENDMSG 2221 @!@!@
@!@!@STARTMSG 2221:0 @!@!@
  ||line 193, col 30 to line 193, col 41 of module 2PC: 888
@!@!@ENDMSG 2221 @!@!@
@!@!@STARTMSG 2775:0 @!@!@
  ||line 193, col 48 to line 193, col 50 of module 2PC: 888:432
@!@!@ENDMSG 2775 @!@!@
@!@!@STARTMSG 2221:0 @!@!@
  |||line 193, col 49 to line 193, col 49 of module 2PC: 888
@!@!@ENDMSG 2221 @!@!@
@!@!@STARTMSG 2221:0 @!@!@
  line 194, col 14 to line 194, col 230 of module 2PC: 444
@!@!@ENDMSG 2221 @!@!@
@!@!@STARTMSG 2221:0 @!@!@
  line 203, col 24 to line 203, col 24 of module 2PC: 8016
@!@!@ENDMSG 2221 @!@!@
@!@!@STARTMSG 2221:0 @!@!@
  line 134, col 8 to line 134, col 34 of module 2PC: 13608
@!@!@ENDMSG 2221 @!@!@
@!@!@STARTMSG 2221:0 @!@!@
  |line 134, col 8 to line 134, col 26 of module 2PC: 8016
@!@!@ENDMSG 2221 @!@!@
@!@!@STARTMSG 2221:0 @!@!@
  |line 134, col 30 to line 134, col 34 of module 2PC: 8016
@!@!@ENDMSG 2221 @!@!@
@!@!@STARTMSG 2221:0 @!@!@
  line 135, col 8 to line 135, col 33 of module 2PC: 5592
@!@!@ENDMSG 2221 @!@!@
@!@!@STARTMSG 2221:0 @!@!@
  line 136, col 8 to line 136, col 282 of module 2PC: 5592
@!@!@ENDMSG 2221 @!@!@
@!@!@STARTMSG 2221:0 @!@!@
  line 139, col 8 to line 139, col 32 of module 2PC: 8940
@!@!@ENDMSG 2221 @!@!@
@!@!@STARTMSG 2221:0 @!@!@
  |line 139, col 8 to line 139, col 24 of module 2PC: 8016
@!@!@ENDMSG 2221 @!@!@
@!@!@STARTMSG 2221:0 @!@!@
  |line 139, col 28 to line 139, col 32 of module 2PC: 8016
@!@!@ENDMSG 2221 @!@!@
@!@!@STARTMSG 2221:0 @!@!@
  line 140, col 8 to line 140, col 32 of module 2PC: 924
@!@!@ENDMSG 2221 @!@!@
@!@!@STARTMSG 2221:0 @!@!@
  |line 140, col 29 to line 140, col 32 of module 2PC: 3030
@!@!@ENDMSG 2221 @!@!@
@!@!@STARTMSG 2221:0 @!@!@
  line 141, col 14 to line 141, col 40 of module 2PC: 3030
@!@!@ENDMSG 2221 @!@!@
@!@!@STARTMSG 2221:0 @!@!@
  line 142, col 14 to line 142, col 40 of module 2PC: 0
@!@!@ENDMSG 2221 @!@!@
@!@!@STARTMSG 2221:0 @!@!@
  line 143, col 14 to line 143, col 267 of module 2PC: 0
@!@!@ENDMSG 2221 @!@!@
@!@!@STARTMSG 2221:0 @!@!@
  line 144, col 14 to line 144, col 39 of module 2PC: 3954
@!@!@ENDMSG 2221 @!@!@
@!@!@STARTMSG 2221:0 @!@!@
  |line 144, col 14 to line 144, col 32 of module 2PC: 3030
@!@!@ENDMSG 2221 @!@!@
@!@!@STARTMSG 2221:0 @!@!@
  |line 144, col 36 to line 144, col 39 of module 2PC: 3030
@!@!@ENDMSG 2221 @!@!@
@!@!@STARTMSG 2221:0 @!@!@
  line 145, col 14 to line 145, col 40 of module 2PC: 3954
@!@!@ENDMSG 2221 @!@!@
@!@!@STARTMSG 2221:0 @!@!@
  |line 145, col 14 to line 145, col 32 of module 2PC: 3030
@!@!@ENDMSG 2221 @!@!@
@!@!@STARTMSG 2221:0 @!@!@
  |line 145, col 36 to line 145, col 40 of module 2PC: 3030
@!@!@ENDMSG 2221 @!@!@
@!@!@STARTMSG 2221:0 @!@!@
  line 146, col 36 to line 146, col 69 of module 2PC: 6432
@!@!@ENDMSG 2221 @!@!@
@!@!@STARTMSG 2221:0 @!@!@
  |line 146, col 36 to line 146, col 57 of module 2PC: 5412
@!@!@ENDMSG 2221 @!@!@
@!@!@STARTMSG 2221:0 @!@!@
  line 146, col 29 to line 146, col 33 of module 2PC: 2706
@!@!@ENDMSG 2221 @!@!@
@!@!@STARTMSG 2221:0 @!@!@
  line 148, col 49 to line 148, col 85 of module 2PC: 4080
@!@!@ENDMSG 2221 @!@!@
@!@!@STARTMSG 2221:0 @!@!@
  |line 148, col 49 to line 148, col 77 of module 2PC: 2040
@!@!@ENDMSG 2221 @!@!@
@!@!@STARTMSG 2221:0 @!@!@
  line 148, col 42 to line 148, col 46 of module 2PC: 1020
@!@!@ENDMSG 2221 @!@!@
@!@!@STARTMSG 2221:0 @!@!@
  line 149, col 30 to line 149, col 96 of module 2PC: 1020
@!@!@ENDMSG 2221 @!@!@
@!@!@STARTMSG 2221:0 @!@!@
  |line 149, col 53 to line 149, col 96 of module 2PC: 1020
@!@!@ENDMSG 2221 @!@!@
@!@!@STARTMSG 2221:0 @!@!@
  ||line 149, col 54 to line 149, col 72 of module 2PC: 1020
@!@!@ENDMSG 2221 @!@!@
@!@!@STARTMSG 2221:0 @!@!@
  ||line 149, col 83 to line 149, col 83 of module 2PC: 1020
@!@!@ENDMSG 2221 @!@!@
@!@!@STARTMSG 2221:0 @!@!@
  |||line 147, col 29 to line 147, col 82 of module 2PC: 1020
@!@!@ENDMSG 2221 @!@!@
@!@!@STARTMSG 2221:0 @!@!@
  ||||line 147, col 49 to line 147, col 82 of module 2PC: 1434
@!@!@ENDMSG 2221 @!@!@
@!@!@STARTMSG 2221:0 @!@!@
  ||||line 147, col 42 to line 147, col 46 of module 2PC: 1020
@!@!@ENDMSG 2221 @!@!@
@!@!@STARTMSG 2221:0 @!@!@
  line 150, col 30 to line 150, col 104 of module 2PC: 1020
@!@!@ENDMSG 2221 @!@!@
@!@!@STARTMSG 2221:0 @!@!@
  |line 150, col 57 to line 150, col 104 of module 2PC: 1020
@!@!@ENDMSG 2221 @!@!@
@!@!@STARTMSG 2221:0 @!@!@
  ||line 150, col 58 to line 150, col 80 of module 2PC: 1020
@!@!@ENDMSG 2221 @!@!@
@!@!@STARTMSG 2221:0 @!@!@
  ||line 150, col 91 to line 150, col 91 of module 2PC: 1020
@!@!@ENDMSG 2221 @!@!@
@!@!@STARTMSG 2221:0 @!@!@
  |||line 147, col 29 to line 147, col 82 of module 2PC: 1020
@!@!@ENDMSG 2221 @!@!@
@!@!@STARTMSG 2221:0 @!@!@
  ||||line 147, col 49 to line 147, col 82 of module 2PC: 1434
@!@!@ENDMSG 2221 @!@!@
@!@!@STARTMSG 2221:0 @!@!@
  ||||line 147, col 42 to line 147, col 46 of module 2PC: 1020
@!@!@ENDMSG 2221 @!@!@
@!@!@STARTMSG 2221:0 @!@!@
  line 151, col 49 to line 151, col 85 of module 2PC: 2040
@!@!@ENDMSG 2221 @!@!@
@!@!@STARTMSG 2221:0 @!@!@
  line 151, col 42 to line 151, col 46 of module 2PC: 1020
@!@!@ENDMSG 2221 @!@!@
@!@!@STARTMSG 2221:0 @!@!@
  line 152, col 30 to line 152, col 95 of module 2PC: 0
@!@!@ENDMSG 2221 @!@!@
@!@!@STARTMSG 2221:0 @!@!@
  line 153, col 30 to line 153, col 103 of module 2PC: 0
@!@!@ENDMSG 2221 @!@!@
@!@!@STARTMSG 2221:0 @!@!@
  line 154, col 27 to line 154, col 55 of module 2PC: 1020
@!@!@ENDMSG 2221 @!@!@
@!@!@STARTMSG 2221:0 @!@!@
  |line 154, col 39 to line 154, col 55 of module 2PC: 1020
@!@!@ENDMSG 2221 @!@!@
@!@!@STARTMSG 2221:0 @!@!@
  ||line 154, col 39 to line 154, col 46 of module 2PC: 1020
@!@!@ENDMSG 2221 @!@!@
@!@!@STARTMSG 2775:0 @!@!@
  ||line 154, col 53 to line 154, col 55 of module 2PC: 1020:888
@!@!@ENDMSG 2775 @!@!@
@!@!@STARTMSG 2221:0 @!@!@
  |||line 154, col 54 to line 154, col 54 of module 2PC: 1020
@!@!@ENDMSG 2221 @!@!@
@!@!@STARTMSG 2221:0 @!@!@
  ||||line 147, col 29 to line 147, col 82 of module 2PC: 1020
@!@!@ENDMSG 2221 @!@!@
@!@!@STARTMSG 2221:0 @!@!@
  |||||line 147, col 49 to line 147, col 82 of module 2PC: 1434
@!@!@ENDMSG 2221 @!@!@
@!@!@STARTMSG 2221:0 @!@!@
  |||||line 147, col 42 to line 147, col 46 of module 2PC: 1020
@!@!@ENDMSG 2221 @!@!@
@!@!@STARTMSG 2221:0 @!@!@
  line 155, col 27 to line 155, col 63 of module 2PC: 1020
@!@!@ENDMSG 2221 @!@!@
@!@!@STARTMSG 2221:0 @!@!@
  |line 155, col 43 to line 155, col 63 of module 2PC: 1020
@!@!@ENDMSG 2221 @!@!@
@!@!@STARTMSG 2221:0 @!@!@
  ||line 155, col 43 to line 155, col 54 of module 2PC: 1020
@!@!@ENDMSG 2221 @!@!@
@!@!@STARTMSG 2775:0 @!@!@
  ||line 155, col 61 to line 155, col 63 of module 2PC: 1020:504
@!@!@ENDMSG 2775 @!@!@
@!@!@STARTMSG 2221:0 @!@!@
  |||line 155, col 62 to line 155, col 62 of module 2PC: 1020
@!@!@ENDMSG 2221 @!@!@
@!@!@STARTMSG 2221:0 @!@!@
  ||||line 147, col 29 to line 147, col 82 of module 2PC: 1020
@!@!@ENDMSG 2221 @!@!@
@!@!@STARTMSG 2221:0 @!@!@
  |||||line 147, col 49 to line 147, col 82 of module 2PC: 1434
@!@!@ENDMSG 2221 @!@!@
@!@!@STARTMSG 2221:0 @!@!@
  |||||line 147, col 42 to line 147, col 46 of module 2PC: 1020
@!@!@ENDMSG 2221 @!@!@
@!@!@STARTMSG 2221:0 @!@!@
  line 156, col 20 to line 156, col 224 of module 2PC: 1020
@!@!@ENDMSG 2221 @!@!@
@!@!@STARTMSG 2221:0 @!@!@
  line 157, col 36 to line 157, col 73 of module 2PC: 4392
@!@!@ENDMSG 2221 @!@!@
@!@!@STARTMSG 2221:0 @!@!@
  line 157, col 29 to line 157, col 33 of module 2PC: 2706
@!@!@ENDMSG 2221 @!@!@
@!@!@STARTMSG 2221:0 @!@!@
  line 158, col 20 to line 158, col 46 of module 2PC: 0
@!@!@ENDMSG 2221 @!@!@
@!@!@STARTMSG 2221:0 @!@!@
  |line 158, col 43 to line 158, col 46 of module 2PC: 1050
@!@!@ENDMSG 2221 @!@!@
@!@!@STARTMSG 2221:0 @!@!@
  line 159, col 20 to line 159, col 273 of module 2PC: 0
@!@!@ENDMSG 2221 @!@!@
@!@!@STARTMSG 2221:0 @!@!@
  line 197, col 14 to line 197, col 18 of module 2PC: 4008
@!@!@ENDMSG 2221 @!@!@
@!@!@STARTMSG 2221:0 @!@!@
  line 213, col 8 to line 213, col 184 of module 2PC: 1472818
@!@!@ENDMSG 2221 @!@!@
@!@!@STARTMSG 2772:0 @!@!@
<CompleteVotingPhase line 215, col 1 to line 215, col 19 of module 2PC>: 288:290
@!@!@ENDMSG 2772 @!@!@
@!@!@STARTMSG 2221:0 @!@!@
  line 216, col 8 to line 216, col 34 of module 2PC: 123797
@!@!@ENDMSG 2221 @!@!@
@!@!@STARTMSG 2221:0 @!@!@
  |line 216, col 8 to line 216, col 26 of module 2PC: 123507
@!@!@ENDMSG 2221 @!@!@
@!@!@STARTMSG 2221:0 @!@!@
  |line 216, col 30 to line 216, col 34 of module 2PC: 123507
@!@!@ENDMSG 2221 @!@!@
@!@!@STARTMSG 2221:0 @!@!@
  line 217, col 24 to line 217, col 61 of module 2PC: 3880
@!@!@ENDMSG 2221 @!@!@
@!@!@STARTMSG 2221:0 @!@!@
  |line 217, col 24 to line 217, col 49 of module 2PC: 3300
@!@!@ENDMSG 2221 @!@!@
@!@!@STARTMSG 2221:0 @!@!@
  line 217, col 17 to line 217, col 21 of module 2PC: 2458
@!@!@ENDMSG 2221 @!@!@
@!@!@STARTMSG 2221:0 @!@!@
  line 218, col 8 to line 218, col 34 of module 2PC: 290
@!@!@ENDMSG 2221 @!@!@
@!@!@STARTMSG 2221:0 @!@!@
  line 219, col 8 to line 219, col 299 of module 2PC: 290
@!@!@ENDMSG 2221 @!@!@
@!@!@STARTMSG 2772:0 @!@!@
<CompleteCommitPhase line 221, col 1 to line 221, col 19 of module 2PC>: 4802:5388
@!@!@ENDMSG 2772 @!@!@
@!@!@STARTMSG 2221:0 @!@!@
  line 222, col 8 to line 222, col 33 of module 2PC: 128895
@!@!@ENDMSG 2221 @!@!@
@!@!@STARTMSG 2221:0 @!@!@
  |line 222, col 8 to line 222, col 26 of module 2PC: 123507
@!@!@ENDMSG 2221 @!@!@
@!@!@STARTMSG 2221:0 @!@!@
  |line 222, col 30 to line 222, col 33 of module 2PC: 123507
@!@!@ENDMSG 2221 @!@!@
@!@!@STARTMSG 2221:0 @!@!@
  line 223, col 8 to line 223, col 34 of module 2PC: 126437
@!@!@ENDMSG 2221 @!@!@
@!@!@STARTMSG 2221:0 @!@!@
  |line 223, col 8 to line 223, col 26 of module 2PC: 121049
@!@!@ENDMSG 2221 @!@!@
@!@!@STARTMSG 2221:0 @!@!@
  |line 223, col 30 to line 223, col 34 of module 2PC: 121049
@!@!@ENDMSG 2221 @!@!@
@!@!@STARTMSG 2221:0 @!@!@
  line 224, col 8 to line 224, col 27 of module 2PC: 90585
@!@!@ENDMSG 2221 @!@!@
@!@!@STARTMSG 2221:0 @!@!@
  |line 224, col 8 to line 224, col 19 of module 2PC: 85197
@!@!@ENDMSG 2221 @!@!@
@!@!@STARTMSG 2221:0 @!@!@
  |line 224, col 23 to line 224, col 27 of module 2PC: 85197
@!@!@ENDMSG 2221 @!@!@
@!@!@STARTMSG 2221:0 @!@!@
  line 225, col 8 to line 225, col 34 of module 2PC: 5388
@!@!@ENDMSG 2221 @!@!@
@!@!@STARTMSG 2221:0 @!@!@
  line 226, col 8 to line 226, col 299 of module 2PC: 5388
@!@!@ENDMSG 2221 @!@!@
@!@!@STARTMSG 2772:0 @!@!@
<CompleteTransaction line 228, col 1 to line 228, col 19 of module 2PC>: 17926:17926
@!@!@ENDMSG 2772 @!@!@
@!@!@STARTMSG 2221:0 @!@!@
  line 229, col 8 to line 229, col 33 of module 2PC: 141433
@!@!@ENDMSG 2221 @!@!@
@!@!@STARTMSG 2221:0 @!@!@
  |line 229, col 8 to line 229, col 26 of module 2PC: 123507
@!@!@ENDMSG 2221 @!@!@
@!@!@STARTMSG 2221:0 @!@!@
  |line 229, col 30 to line 229, col 33 of module 2PC: 123507
@!@!@ENDMSG 2221 @!@!@
@!@!@STARTMSG 2221:0 @!@!@
  line 230, col 8 to line 230, col 33 of module 2PC: 138975
@!@!@ENDMSG 2221 @!@!@
@!@!@STARTMSG 2221:0 @!@!@
  |line 230, col 8 to line 230, col 26 of module 2PC: 121049
@!@!@ENDMSG 2221 @!@!@
@!@!@STARTMSG 2221:0 @!@!@
  |line 230, col 30 to line 230, col 33 of module 2PC: 121049
@!@!@ENDMSG 2221 @!@!@
@!@!@STARTMSG 2221:0 @!@!@
  line 231, col 8 to line 231, col 39 of module 2PC: 53778
@!@!@ENDMSG 2221 @!@!@
@!@!@STARTMSG 2221:0 @!@!@
  |line 231, col 8 to line 231, col 24 of module 2PC: 35852
@!@!@ENDMSG 2221 @!@!@
@!@!@STARTMSG 2221:0 @!@!@
  line 232, col 30 to line 232, col 65 of module 2PC: 69886
@!@!@ENDMSG 2221 @!@!@
@!@!@STARTMSG 2221:0 @!@!@
  |line 232, col 30 to line 232, col 55 of module 2PC: 35246
@!@!@ENDMSG 2221 @!@!@
@!@!@STARTMSG 2221:0 @!@!@
  line 232, col 23 to line 232, col 27 of module 2PC: 17926
@!@!@ENDMSG 2221 @!@!@
@!@!@STARTMSG 2221:0 @!@!@
  line 233, col 14 to line 233, col 43 of module 2PC: 17320
@!@!@ENDMSG 2221 @!@!@
@!@!@STARTMSG 2221:0 @!@!@
  line 234, col 30 to line 234, col 66 of module 2PC: 19744
@!@!@ENDMSG 2221 @!@!@
@!@!@STARTMSG 2221:0 @!@!@
  |line 234, col 30 to line 234, col 55 of module 2PC: 18532
@!@!@ENDMSG 2221 @!@!@
@!@!@STARTMSG 2221:0 @!@!@
  line 234, col 23 to line 234, col 27 of module 2PC: 17926
@!@!@ENDMSG 2221 @!@!@
@!@!@STARTMSG 2221:0 @!@!@
  line 235, col 14 to line 235, col 44 of module 2PC: 606
@!@!@ENDMSG 2221 @!@!@
@!@!@STARTMSG 2221:0 @!@!@
  line 236, col 8 to line 236, col 301 of module 2PC: 17926
@!@!@ENDMSG 2221 @!@!@
@!@!@STARTMSG 2772:0 @!@!@
<Complete line 238, col 1 to line 238, col 8 of module 2PC>: 0:17926
@!@!@ENDMSG 2772 @!@!@
@!@!@STARTMSG 2221:0 @!@!@
  line 239, col 8 to line 239, col 39 of module 2PC: 141433
@!@!@ENDMSG 2221 @!@!@
@!@!@STARTMSG 2221:0 @!@!@
  |line 239, col 8 to line 239, col 24 of module 2PC: 123507
@!@!@ENDMSG 2221 @!@!@
@!@!@STARTMSG 2221:0 @!@!@
  line 240, col 8 to line 240, col 21 of module 2PC: 17926
@!@!@ENDMSG 2221 @!@!@
@!@!@STARTMSG 2772:0 @!@!@
<CollectVotes line 242, col 1 to line 242, col 12 of module 2PC>: 2449:13554
@!@!@ENDMSG 2772 @!@!@
@!@!@STARTMSG 2221:0 @!@!@
  line 243, col 8 to line 243, col 34 of module 2PC: 125965
@!@!@ENDMSG 2221 @!@!@
@!@!@STARTMSG 2221:0 @!@!@
  |line 243, col 8 to line 243, col 26 of module 2PC: 123507
@!@!@ENDMSG 2221 @!@!@
@!@!@STARTMSG 2221:0 @!@!@
  |line 243, col 30 to line 243, col 34 of module 2PC: 123507
@!@!@ENDMSG 2221 @!@!@
@!@!@STARTMSG 2221:0 @!@!@
  line 59, col 8 to line 59, col 34 of module 2PC: 5838
@!@!@ENDMSG 2221 @!@!@
@!@!@STARTMSG 2221:0 @!@!@
  |line 59, col 8 to line 59, col 26 of module 2PC: 4916
@!@!@ENDMSG 2221 @!@!@
@!@!@STARTMSG 2221:0 @!@!@
  |line 59, col 30 to line 59, col 34 of module 2PC: 4916
@!@!@ENDMSG 2221 @!@!@
@!@!@STARTMSG 2221:0 @!@!@
  line 60, col 8 to line 60, col 31 of module 2PC: 5838
@!@!@ENDMSG 2221 @!@!@
@!@!@STARTMSG 2221:0 @!@!@
  |line 60, col 8 to line 60, col 24 of module 2PC: 4916
@!@!@ENDMSG 2221 @!@!@
@!@!@STARTMSG 2221:0 @!@!@
  |line 60, col 28 to line 60, col 31 of module 2PC: 4916
@!@!@ENDMSG 2221 @!@!@
@!@!@STARTMSG 2221:0 @!@!@
  line 61, col 14 to line 61, col 35 of module 2PC: 2548
@!@!@ENDMSG 2221 @!@!@
@!@!@STARTMSG 2221:0 @!@!@
  |line 61, col 14 to line 61, col 28 of module 2PC: 2466
@!@!@ENDMSG 2221 @!@!@
@!@!@STARTMSG 2221:0 @!@!@
  |line 61, col 32 to line 61, col 35 of module 2PC: 2466
@!@!@ENDMSG 2221 @!@!@
@!@!@STARTMSG 2221:0 @!@!@
  line 62, col 14 to line 62, col 40 of module 2PC: 1288
@!@!@ENDMSG 2221 @!@!@
@!@!@STARTMSG 2221:0 @!@!@
  |line 62, col 14 to line 62, col 14 of module 2PC: 1206
@!@!@ENDMSG 2221 @!@!@
@!@!@STARTMSG 2221:0 @!@!@
  |line 62, col 23 to line 62, col 40 of module 2PC: 1206
@!@!@ENDMSG 2221 @!@!@
@!@!@STARTMSG 2221:0 @!@!@
  line 63, col 14 to line 63, col 62 of module 2PC: 82
@!@!@ENDMSG 2221 @!@!@
@!@!@STARTMSG 2221:0 @!@!@
  |line 63, col 36 to line 63, col 62 of module 2PC: 82
@!@!@ENDMSG 2221 @!@!@
@!@!@STARTMSG 2221:0 @!@!@
  ||line 63, col 36 to line 63, col 53 of module 2PC: 82
@!@!@ENDMSG 2221 @!@!@
@!@!@STARTMSG 2775:0 @!@!@
  ||line 63, col 60 to line 63, col 62 of module 2PC: 82:21370
@!@!@ENDMSG 2775 @!@!@
@!@!@STARTMSG 2221:0 @!@!@
  |||line 63, col 61 to line 63, col 61 of module 2PC: 82
@!@!@ENDMSG 2221 @!@!@
@!@!@STARTMSG 2221:0 @!@!@
  line 64, col 14 to line 64, col 273 of module 2PC: 82
@!@!@ENDMSG 2221 @!@!@
@!@!@STARTMSG 2221:0 @!@!@
  line 65, col 14 to line 65, col 36 of module 2PC: 3306
@!@!@ENDMSG 2221 @!@!@
@!@!@STARTMSG 2221:0 @!@!@
  |line 65, col 14 to line 65, col 28 of module 2PC: 2466
@!@!@ENDMSG 2221 @!@!@
@!@!@STARTMSG 2221:0 @!@!@
  |line 65, col 32 to line 65, col 36 of module 2PC: 2466
@!@!@ENDMSG 2221 @!@!@
@!@!@STARTMSG 2221:0 @!@!@
  line 66, col 14 to line 66, col 77 of module 2PC: 840
@!@!@ENDMSG 2221 @!@!@
@!@!@STARTMSG 2221:0 @!@!@
  |line 66, col 30 to line 66, col 77 of module 2PC: 1260
@!@!@ENDMSG 2221 @!@!@
@!@!@STARTMSG 2221:0 @!@!@
  line 67, col 14 to line 67, col 76 of module 2PC: 840
@!@!@ENDMSG 2221 @!@!@
@!@!@STARTMSG 2221:0 @!@!@
  |line 67, col 14 to line 67, col 45 of module 2PC: 1260
@!@!@ENDMSG 2221 @!@!@
@!@!@STARTMSG 2221:0 @!@!@
  |line 67, col 50 to line 67, col 76 of module 2PC: 0
@!@!@ENDMSG 2221 @!@!@
@!@!@STARTMSG 2221:0 @!@!@
  ||line 67, col 73 to line 67, col 76 of module 2PC: 420
@!@!@ENDMSG 2221 @!@!@
@!@!@STARTMSG 2221:0 @!@!@
  line 68, col 14 to line 68, col 258 of module 2PC: 840
@!@!@ENDMSG 2221 @!@!@
@!@!@STARTMSG 2221:0 @!@!@
  line 245, col 24 to line 245, col 24 of module 2PC: 2466
@!@!@ENDMSG 2221 @!@!@
@!@!@STARTMSG 2221:0 @!@!@
  line 71, col 8 to line 71, col 34 of module 2PC: 6736
@!@!@ENDMSG 2221 @!@!@
@!@!@STARTMSG 2221:0 @!@!@
  |line 71, col 8 to line 71, col 26 of module 2PC: 4916
@!@!@ENDMSG 2221 @!@!@
@!@!@STARTMSG 2221:0 @!@!@
  |line 71, col 30 to line 71, col 34 of module 2PC: 4916
@!@!@ENDMSG 2221 @!@!@
@!@!@STARTMSG 2221:0 @!@!@
  line 72, col 14 to line 72, col 35 of module 2PC: 5056
@!@!@ENDMSG 2221 @!@!@
@!@!@STARTMSG 2221:0 @!@!@
  |line 72, col 14 to line 72, col 28 of module 2PC: 4916
@!@!@ENDMSG 2221 @!@!@
@!@!@STARTMSG 2221:0 @!@!@
  |line 72, col 32 to line 72, col 35 of module 2PC: 4916
@!@!@ENDMSG 2221 @!@!@
@!@!@STARTMSG 2221:0 @!@!@
  line 73, col 14 to line 73, col 37 of module 2PC: 2536
@!@!@ENDMSG 2221 @!@!@
@!@!@STARTMSG 2221:0 @!@!@
  |line 73, col 14 to line 73, col 14 of module 2PC: 2396
@!@!@ENDMSG 2221 @!@!@
@!@!@STARTMSG 2221:0 @!@!@
  |line 73, col 20 to line 73, col 37 of module 2PC: 2396
@!@!@ENDMSG 2221 @!@!@
@!@!@STARTMSG 2221:0 @!@!@
  line 74, col 14 to line 74, col 44 of module 2PC: 2384
@!@!@ENDMSG 2221 @!@!@
@!@!@STARTMSG 2221:0 @!@!@
  |line 74, col 14 to line 74, col 14 of module 2PC: 2244
@!@!@ENDMSG 2221 @!@!@
@!@!@STARTMSG 2221:0 @!@!@
  |line 74, col 23 to line 74, col 44 of module 2PC: 2244
@!@!@ENDMSG 2221 @!@!@
@!@!@STARTMSG 2221:0 @!@!@
  line 75, col 14 to line 75, col 70 of module 2PC: 140
@!@!@ENDMSG 2221 @!@!@
@!@!@STARTMSG 2221:0 @!@!@
  |line 75, col 40 to line 75, col 70 of module 2PC: 140
@!@!@ENDMSG 2221 @!@!@
@!@!@STARTMSG 2221:0 @!@!@
  ||line 75, col 40 to line 75, col 61 of module 2PC: 140
@!@!@ENDMSG 2221 @!@!@
@!@!@STARTMSG 2775:0 @!@!@
  ||line 75, col 68 to line 75, col 70 of module 2PC: 140:34056
@!@!@ENDMSG 2775 @!@!@
@!@!@STARTMSG 2221:0 @!@!@
  |||line 75, col 69 to line 75, col 69 of module 2PC: 140
@!@!@ENDMSG 2221 @!@!@
@!@!@STARTMSG 2221:0 @!@!@
  line 76, col 14 to line 76, col 269 of module 2PC: 140
@!@!@ENDMSG 2221 @!@!@
@!@!@STARTMSG 2221:0 @!@!@
  line 77, col 14 to line 77, col 36 of module 2PC: 6596
@!@!@ENDMSG 2221 @!@!@
@!@!@STARTMSG 2221:0 @!@!@
  |line 77, col 14 to line 77, col 28 of module 2PC: 4916
@!@!@ENDMSG 2221 @!@!@
@!@!@STARTMSG 2221:0 @!@!@
  |line 77, col 32 to line 77, col 36 of module 2PC: 4916
@!@!@ENDMSG 2221 @!@!@
@!@!@STARTMSG 2221:0 @!@!@
  line 78, col 14 to line 78, col 77 of module 2PC: 1680
@!@!@ENDMSG 2221 @!@!@
@!@!@STARTMSG 2221:0 @!@!@
  |line 78, col 30 to line 78, col 77 of module 2PC: 2520
@!@!@ENDMSG 2221 @!@!@
@!@!@STARTMSG 2221:0 @!@!@
  line 79, col 14 to line 79, col 76 of module 2PC: 1680
@!@!@ENDMSG 2221 @!@!@
@!@!@STARTMSG 2221:0 @!@!@
  |line 79, col 14 to line 79, col 45 of module 2PC: 2520
@!@!@ENDMSG 2221 @!@!@
@!@!@STARTMSG 2221:0 @!@!@
  |line 79, col 50 to line 79, col 76 of module 2PC: 0
@!@!@ENDMSG 2221 @!@!@
@!@!@STARTMSG 2221:0 @!@!@
  ||line 79, col 73 to line 79, col 76 of module 2PC: 840
@!@!@ENDMSG 2221 @!@!@
@!@!@STARTMSG 2221:0 @!@!@
  line 80, col 14 to line 80, col 258 of module 2PC: 1680
@!@!@ENDMSG 2221 @!@!@
@!@!@STARTMSG 2221:0 @!@!@
  line 246, col 27 to line 246, col 27 of module 2PC: 4916
@!@!@ENDMSG 2221 @!@!@
@!@!@STARTMSG 2221:0 @!@!@
  line 83, col 8 to line 83, col 34 of module 2PC: 5966
@!@!@ENDMSG 2221 @!@!@
@!@!@STARTMSG 2221:0 @!@!@
  |line 83, col 8 to line 83, col 26 of module 2PC: 4916
@!@!@ENDMSG 2221 @!@!@
@!@!@STARTMSG 2221:0 @!@!@
  |line 83, col 30 to line 83, col 34 of module 2PC: 4916
@!@!@ENDMSG 2221 @!@!@
@!@!@STARTMSG 2221:0 @!@!@
  line 84, col 8 to line 84, col 31 of module 2PC: 5966
@!@!@ENDMSG 2221 @!@!@
@!@!@STARTMSG 2221:0 @!@!@
  |line 84, col 8 to line 84, col 24 of module 2PC: 4916
@!@!@ENDMSG 2221 @!@!@
@!@!@STARTMSG 2221:0 @!@!@
  |line 84, col 28 to line 84, col 31 of module 2PC: 4916
@!@!@ENDMSG 2221 @!@!@
@!@!@STARTMSG 2221:0 @!@!@
  line 85, col 14 to line 85, col 35 of module 2PC: 2676
@!@!@ENDMSG 2221 @!@!@
@!@!@STARTMSG 2221:0 @!@!@
  |line 85, col 14 to line 85, col 28 of module 2PC: 2466
@!@!@ENDMSG 2221 @!@!@
@!@!@STARTMSG 2221:0 @!@!@
  |line 85, col 32 to line 85, col 35 of module 2PC: 2466
@!@!@ENDMSG 2221 @!@!@
@!@!@STARTMSG 2221:0 @!@!@
  line 86, col 14 to line 86, col 41 of module 2PC: 1416
@!@!@ENDMSG 2221 @!@!@
@!@!@STARTMSG 2221:0 @!@!@
  |line 86, col 14 to line 86, col 14 of module 2PC: 1206
@!@!@ENDMSG 2221 @!@!@
@!@!@STARTMSG 2221:0 @!@!@
  |line 86, col 20 to line 86, col 41 of module 2PC: 1206
@!@!@ENDMSG 2221 @!@!@
@!@!@STARTMSG 2221:0 @!@!@
  line 87, col 14 to line 87, col 47 of module 2PC: 1264
@!@!@ENDMSG 2221 @!@!@
@!@!@STARTMSG 2221:0 @!@!@
  |line 87, col 14 to line 87, col 35 of module 2PC: 1054
@!@!@ENDMSG 2221 @!@!@
@!@!@STARTMSG 2221:0 @!@!@
  line 89, col 13 to line 89, col 72 of module 2PC: 420
@!@!@ENDMSG 2221 @!@!@
@!@!@STARTMSG 2221:0 @!@!@
  line 88, col 24 to line 88, col 46 of module 2PC: 210
@!@!@ENDMSG 2221 @!@!@
@!@!@STARTMSG 2221:0 @!@!@
  line 90, col 14 to line 90, col 272 of module 2PC: 420
@!@!@ENDMSG 2221 @!@!@
@!@!@STARTMSG 2221:0 @!@!@
  line 91, col 14 to line 91, col 36 of module 2PC: 3306
@!@!@ENDMSG 2221 @!@!@
@!@!@STARTMSG 2221:0 @!@!@
  |line 91, col 14 to line 91, col 28 of module 2PC: 2466
@!@!@ENDMSG 2221 @!@!@
@!@!@STARTMSG 2221:0 @!@!@
  |line 91, col 32 to line 91, col 36 of module 2PC: 2466
@!@!@ENDMSG 2221 @!@!@
@!@!@STARTMSG 2221:0 @!@!@
  line 92, col 14 to line 92, col 77 of module 2PC: 840
@!@!@ENDMSG 2221 @!@!@
@!@!@STARTMSG 2221:0 @!@!@
  |line 92, col 30 to line 92, col 77 of module 2PC: 1260
@!@!@ENDMSG 2221 @!@!@
@!@!@STARTMSG 2221:0 @!@!@
  line 93, col 14 to line 93, col 76 of module 2PC: 840
@!@!@ENDMSG 2221 @!@!@
@!@!@STARTMSG 2221:0 @!@!@
  |line 93, col 14 to line 93, col 45 of module 2PC: 1260
@!@!@ENDMSG 2221 @!@!@
@!@!@STARTMSG 2221:0 @!@!@
  |line 93, col 50 to line 93, col 76 of module 2PC: 0
@!@!@ENDMSG 2221 @!@!@
@!@!@STARTMSG 2221:0 @!@!@
  ||line 93, col 73 to line 93, col 76 of module 2PC: 420
@!@!@ENDMSG 2221 @!@!@
@!@!@STARTMSG 2221:0 @!@!@
  line 94, col 14 to line 94, col 258 of module 2PC: 840
@!@!@ENDMSG 2221 @!@!@
@!@!@STARTMSG 2221:0 @!@!@
  line 247, col 28 to line 247, col 28 of module 2PC: 2466
@!@!@ENDMSG 2221 @!@!@
@!@!@STARTMSG 2221:0 @!@!@
  line 97, col 8 to line 97, col 34 of module 2PC: 5756
@!@!@ENDMSG 2221 @!@!@
@!@!@STARTMSG 2221:0 @!@!@
  |line 97, col 8 to line 97, col 26 of module 2PC: 4916
@!@!@ENDMSG 2221 @!@!@
@!@!@STARTMSG 2221:0 @!@!@
  |line 97, col 30 to line 97, col 34 of module 2PC: 4916
@!@!@ENDMSG 2221 @!@!@
@!@!@STARTMSG 2221:0 @!@!@
  line 98, col 8 to line 98, col 31 of module 2PC: 5756
@!@!@ENDMSG 2221 @!@!@
@!@!@STARTMSG 2221:0 @!@!@
  |line 98, col 8 to line 98, col 24 of module 2PC: 4916
@!@!@ENDMSG 2221 @!@!@
@!@!@STARTMSG 2221:0 @!@!@
  |line 98, col 28 to line 98, col 31 of module 2PC: 4916
@!@!@ENDMSG 2221 @!@!@
@!@!@STARTMSG 2221:0 @!@!@
  line 99, col 8 to line 99, col 41 of module 2PC: 3306
@!@!@ENDMSG 2221 @!@!@
@!@!@STARTMSG 2221:0 @!@!@
  |line 99, col 8 to line 99, col 29 of module 2PC: 2466
@!@!@ENDMSG 2221 @!@!@
@!@!@STARTMSG 2221:0 @!@!@
  line 100, col 8 to line 100, col 45 of module 2PC: 2524
@!@!@ENDMSG 2221 @!@!@
@!@!@STARTMSG 2221:0 @!@!@
  |line 100, col 8 to line 100, col 33 of module 2PC: 1684
@!@!@ENDMSG 2221 @!@!@
@!@!@STARTMSG 2221:0 @!@!@
  line 101, col 8 to line 101, col 96 of module 2PC: 840
@!@!@ENDMSG 2221 @!@!@
@!@!@STARTMSG 2221:0 @!@!@
  line 102, col 8 to line 102, col 262 of module 2PC: 840
@!@!@ENDMSG 2221 @!@!@
@!@!@STARTMSG 2221:0 @!@!@
  line 248, col 28 to line 248, col 28 of module 2PC: 2466
@!@!@ENDMSG 2221 @!@!@
@!@!@STARTMSG 2221:0 @!@!@
  line 162, col 8 to line 162, col 34 of module 2PC: 7312
@!@!@ENDMSG 2221 @!@!@
@!@!@STARTMSG 2221:0 @!@!@
  |line 162, col 8 to line 162, col 26 of module 2PC: 4916
@!@!@ENDMSG 2221 @!@!@
@!@!@STARTMSG 2221:0 @!@!@
  |line 162, col 30 to line 162, col 34 of module 2PC: 4916
@!@!@ENDMSG 2221 @!@!@
@!@!@STARTMSG 2221:0 @!@!@
  line 163, col 8 to line 163, col 29 of module 2PC: 7312
@!@!@ENDMSG 2221 @!@!@
@!@!@STARTMSG 2221:0 @!@!@
  |line 163, col 8 to line 163, col 22 of module 2PC: 4916
@!@!@ENDMSG 2221 @!@!@
@!@!@STARTMSG 2221:0 @!@!@
  |line 163, col 26 to line 163, col 29 of module 2PC: 4916
@!@!@ENDMSG 2221 @!@!@
@!@!@STARTMSG 2221:0 @!@!@
  line 164, col 8 to line 164, col 57 of module 2PC: 2396
@!@!@ENDMSG 2221 @!@!@
@!@!@STARTMSG 2221:0 @!@!@
  line 165, col 8 to line 165, col 61 of module 2PC: 2396
@!@!@ENDMSG 2221 @!@!@
@!@!@STARTMSG 2221:0 @!@!@
  line 166, col 8 to line 166, col 249 of module 2PC: 2396
@!@!@ENDMSG 2221 @!@!@
@!@!@STARTMSG 2221:0 @!@!@
  line 249, col 21 to line 249, col 21 of module 2PC: 4916
@!@!@ENDMSG 2221 @!@!@
@!@!@STARTMSG 2221:0 @!@!@
  line 169, col 8 to line 169, col 30 of module 2PC: 6316
@!@!@ENDMSG 2221 @!@!@
@!@!@STARTMSG 2221:0 @!@!@
  |line 169, col 8 to line 169, col 22 of module 2PC: 4916
@!@!@ENDMSG 2221 @!@!@
@!@!@STARTMSG 2221:0 @!@!@
  |line 169, col 26 to line 169, col 30 of module 2PC: 4916
@!@!@ENDMSG 2221 @!@!@
@!@!@STARTMSG 2221:0 @!@!@
  line 170, col 8 to line 170, col 56 of module 2PC: 1400
@!@!@ENDMSG 2221 @!@!@
@!@!@STARTMSG 2221:0 @!@!@
  |line 170, col 24 to line 170, col 56 of module 2PC: 2520
@!@!@ENDMSG 2221 @!@!@
@!@!@STARTMSG 2221:0 @!@!@
  line 171, col 14 to line 171, col 40 of module 2PC: 3920
@!@!@ENDMSG 2221 @!@!@
@!@!@STARTMSG 2221:0 @!@!@
  |line 171, col 14 to line 171, col 32 of module 2PC: 2520
@!@!@ENDMSG 2221 @!@!@
@!@!@STARTMSG 2221:0 @!@!@
  |line 171, col 36 to line 171, col 40 of module 2PC: 2520
@!@!@ENDMSG 2221 @!@!@
@!@!@STARTMSG 2221:0 @!@!@
  line 172, col 14 to line 172, col 37 of module 2PC: 3920
@!@!@ENDMSG 2221 @!@!@
@!@!@STARTMSG 2221:0 @!@!@
  |line 172, col 14 to line 172, col 14 of module 2PC: 2520
@!@!@ENDMSG 2221 @!@!@
@!@!@STARTMSG 2221:0 @!@!@
  |line 172, col 20 to line 172, col 37 of module 2PC: 2520
@!@!@ENDMSG 2221 @!@!@
@!@!@STARTMSG 2221:0 @!@!@
  line 173, col 20 to line 173, col 51 of module 2PC: 2100
@!@!@ENDMSG 2221 @!@!@
@!@!@STARTMSG 2221:0 @!@!@
  line 174, col 20 to line 174, col 46 of module 2PC: 0
@!@!@ENDMSG 2221 @!@!@
@!@!@STARTMSG 2221:0 @!@!@
  |line 174, col 43 to line 174, col 46 of module 2PC: 700
@!@!@ENDMSG 2221 @!@!@
@!@!@STARTMSG 2221:0 @!@!@
  line 175, col 20 to line 175, col 263 of module 2PC: 0
@!@!@ENDMSG 2221 @!@!@
@!@!@STARTMSG 2221:0 @!@!@
  line 176, col 20 to line 176, col 48 of module 2PC: 1400
@!@!@ENDMSG 2221 @!@!@
@!@!@STARTMSG 2221:0 @!@!@
  |line 176, col 20 to line 176, col 34 of module 2PC: 2100
@!@!@ENDMSG 2221 @!@!@
@!@!@STARTMSG 2221:0 @!@!@
  |line 176, col 38 to line 176, col 48 of module 2PC: 2100
@!@!@ENDMSG 2221 @!@!@
@!@!@STARTMSG 2221:0 @!@!@
  line 177, col 20 to line 177, col 76 of module 2PC: 1400
@!@!@ENDMSG 2221 @!@!@
@!@!@STARTMSG 2221:0 @!@!@
  |line 177, col 46 to line 177, col 76 of module 2PC: 1400
@!@!@ENDMSG 2221 @!@!@
@!@!@STARTMSG 2221:0 @!@!@
  ||line 177, col 46 to line 177, col 67 of module 2PC: 1400
@!@!@ENDMSG 2221 @!@!@
@!@!@STARTMSG 2775:0 @!@!@
  ||line 177, col 74 to line 177, col 76 of module 2PC: 1400:31178
@!@!@ENDMSG 2775 @!@!@
@!@!@STARTMSG 2221:0 @!@!@
  |||line 177, col 75 to line 177, col 75 of module 2PC: 1400
@!@!@ENDMSG 2221 @!@!@
@!@!@STARTMSG 2221:0 @!@!@
  line 178, col 20 to line 178, col 83 of module 2PC: 1400
@!@!@ENDMSG 2221 @!@!@
@!@!@STARTMSG 2221:0 @!@!@
  line 179, col 20 to line 179, col 246 of module 2PC: 1400
@!@!@ENDMSG 2221 @!@!@
@!@!@STARTMSG 2221:0 @!@!@
  line 180, col 14 to line 180, col 39 of module 2PC: 2520
@!@!@ENDMSG 2221 @!@!@
@!@!@STARTMSG 2221:0 @!@!@
  line 185, col 26 to line 185, col 91 of module 2PC: 0
@!@!@ENDMSG 2221 @!@!@
@!@!@STARTMSG 2221:0 @!@!@
  line 186, col 26 to line 186, col 99 of module 2PC: 0
@!@!@ENDMSG 2221 @!@!@
@!@!@STARTMSG 2221:0 @!@!@
  line 188, col 26 to line 188, col 92 of module 2PC: 0
@!@!@ENDMSG 2221 @!@!@
@!@!@STARTMSG 2221:0 @!@!@
  line 189, col 26 to line 189, col 100 of module 2PC: 0
@!@!@ENDMSG 2221 @!@!@
@!@!@STARTMSG 2221:0 @!@!@
  line 191, col 20 to line 191, col 108 of module 2PC: 0
@!@!@ENDMSG 2221 @!@!@
@!@!@STARTMSG 2221:0 @!@!@
  line 192, col 14 to line 192, col 42 of module 2PC: 0
@!@!@ENDMSG 2221 @!@!@
@!@!@STARTMSG 2221:0 @!@!@
  line 193, col 14 to line 193, col 50 of module 2PC: 0
@!@!@ENDMSG 2221 @!@!@
@!@!@STARTMSG 2221:0 @!@!@
  line 194, col 14 to line 194, col 230 of module 2PC: 0
@!@!@ENDMSG 2221 @!@!@
@!@!@STARTMSG 2221:0 @!@!@
  line 250, col 24 to line 250, col 24 of module 2PC: 4916
@!@!@ENDMSG 2221 @!@!@
@!@!@STARTMSG 2221:0 @!@!@
  line 134, col 8 to line 134, col 34 of module 2PC: 9832
@!@!@ENDMSG 2221 @!@!@
@!@!@STARTMSG 2221:0 @!@!@
  |line 134, col 8 to line 134, col 26 of module 2PC: 4916
@!@!@ENDMSG 2221 @!@!@
@!@!@STARTMSG 2221:0 @!@!@
  |line 134, col 30 to line 134, col 34 of module 2PC: 4916
@!@!@ENDMSG 2221 @!@!@
@!@!@STARTMSG 2221:0 @!@!@
  line 135, col 8 to line 135, col 33 of module 2PC: 4916
@!@!@ENDMSG 2221 @!@!@
@!@!@STARTMSG 2221:0 @!@!@
  line 136, col 8 to line 136, col 282 of module 2PC: 4916
@!@!@ENDMSG 2221 @!@!@
@!@!@STARTMSG 2221:0 @!@!@
  line 139, col 8 to line 139, col 32 of module 2PC: 4916
@!@!@ENDMSG 2221 @!@!@
@!@!@STARTMSG 2221:0 @!@!@
  line 140, col 8 to line 140, col 32 of module 2PC: 0
@!@!@ENDMSG 2221 @!@!@
@!@!@STARTMSG 2221:0 @!@!@
  |line 140, col 29 to line 140, col 32 of module 2PC: 2450
@!@!@ENDMSG 2221 @!@!@
@!@!@STARTMSG 2221:0 @!@!@
  line 141, col 14 to line 141, col 40 of module 2PC: 2450
@!@!@ENDMSG 2221 @!@!@
@!@!@STARTMSG 2221:0 @!@!@
  line 142, col 14 to line 142, col 40 of module 2PC: 0
@!@!@ENDMSG 2221 @!@!@
@!@!@STARTMSG 2221:0 @!@!@
  |line 142, col 37 to line 142, col 40 of module 2PC: 2450
@!@!@ENDMSG 2221 @!@!@
@!@!@STARTMSG 2221:0 @!@!@
  line 143, col 14 to line 143, col 267 of module 2PC: 0
@!@!@ENDMSG 2221 @!@!@
@!@!@STARTMSG 2221:0 @!@!@
  line 144, col 14 to line 144, col 39 of module 2PC: 2450
@!@!@ENDMSG 2221 @!@!@
@!@!@STARTMSG 2221:0 @!@!@
  line 149, col 30 to line 149, col 96 of module 2PC: 0
@!@!@ENDMSG 2221 @!@!@
@!@!@STARTMSG 2221:0 @!@!@
  line 150, col 30 to line 150, col 104 of module 2PC: 0
@!@!@ENDMSG 2221 @!@!@
@!@!@STARTMSG 2221:0 @!@!@
  line 152, col 30 to line 152, col 95 of module 2PC: 0
@!@!@ENDMSG 2221 @!@!@
@!@!@STARTMSG 2221:0 @!@!@
  line 153, col 30 to line 153, col 103 of module 2PC: 0
@!@!@ENDMSG 2221 @!@!@
@!@!@STARTMSG 2221:0 @!@!@
  line 154, col 27 to line 154, col 55 of module 2PC: 0
@!@!@ENDMSG 2221 @!@!@
@!@!@STARTMSG 2221:0 @!@!@
  line 155, col 27 to line 155, col 63 of module 2PC: 0
@!@!@ENDMSG 2221 @!@!@
@!@!@STARTMSG 2221:0 @!@!@
  line 156, col 20 to line 156, col 224 of module 2PC: 0
@!@!@ENDMSG 2221 @!@!@
@!@!@STARTMSG 2221:0 @!@!@
  line 158, col 20 to line 158, col 46 of module 2PC: 0
@!@!@ENDMSG 2221 @!@!@
@!@!@STARTMSG 2221:0 @!@!@
  line 159, col 20 to line 159, col 273 of module 2PC: 0
@!@!@ENDMSG 2221 @!@!@
@!@!@STARTMSG 2221:0 @!@!@
  line 244, col 17 to line 244, col 21 of module 2PC: 2458
@!@!@ENDMSG 2221 @!@!@
@!@!@STARTMSG 2221:0 @!@!@
  line 253, col 8 to line 253, col 150 of module 2PC: 33408
@!@!@ENDMSG 2221 @!@!@
@!@!@STARTMSG 2774:0 @!@!@
<TypeOK line 40, col 1 to line 40, col 6 of module 2PC>
@!@!@ENDMSG 2774 @!@!@
@!@!@STARTMSG 2221:0 @!@!@
  line 41, col 5 to line 54, col 38 of module 2PC: 119760
@!@!@ENDMSG 2221 @!@!@
@!@!@STARTMSG 2774:0 @!@!@
<SiteReceivedRequestSetIsASubsetOfSentRequestSet line 292, col 1 to line 292, col 47 of module 2PC>
@!@!@ENDMSG 2774 @!@!@
@!@!@STARTMSG 2221:0 @!@!@
  line 293, col 5 to line 293, col 55 of module 2PC: 119760
@!@!@ENDMSG 2221 @!@!@
@!@!@STARTMSG 2774:0 @!@!@
<ReceivedAckSetIsASubsetOfSentAckSet line 295, col 1 to line 295, col 35 of module 2PC>
@!@!@ENDMSG 2774 @!@!@
@!@!@STARTMSG 2221:0 @!@!@
  line 296, col 5 to line 296, col 35 of module 2PC: 119760
@!@!@ENDMSG 2221 @!@!@
@!@!@STARTMSG 2202:0 @!@!@
End of statistics.
@!@!@ENDMSG 2202 @!@!@
@!@!@STARTMSG 2200:0 @!@!@
Progress(25) at 2025-03-12 00:34:04: 874,801 states generated (1,386,262 s/min), 119,760 distinct states found (189,778 ds/min), 0 states left on queue.
@!@!@ENDMSG 2200 @!@!@
@!@!@STARTMSG 2199:0 @!@!@
874801 states generated, 119760 distinct states found, 0 states left on queue.
@!@!@ENDMSG 2199 @!@!@
@!@!@STARTMSG 2194:0 @!@!@
The depth of the complete state graph search is 25.
@!@!@ENDMSG 2194 @!@!@
@!@!@STARTMSG 2268:0 @!@!@
The average outdegree of the complete state graph is 1 (minimum is 0, the maximum 5 and the 95th percentile is 3).
@!@!@ENDMSG 2268 @!@!@
@!@!@STARTMSG 2186:0 @!@!@
Finished in 37871ms at (2025-03-12 00:34:04)
@!@!@ENDMSG 2186 @!@!@
